This file contains any messages produced by compilers while
running configure, to aid debugging if configure makes a mistake.

It was created by Spread configure 4.4.0, which was
generated by GNU Autoconf 2.59.  Invocation command line was

  $ ./configure --prefix /home/weichao/VDL-disk/qiuwch/VDL/universe-starter-agent/install/spread/spread-src-4.4.0/../spread-bin/

## --------- ##
## Platform. ##
## --------- ##

hostname = ccvl2
uname -m = x86_64
uname -r = 4.4.0-64-generic
uname -s = Linux
uname -v = #85~14.04.1-Ubuntu SMP Mon Feb 20 12:10:54 UTC 2017

/usr/bin/uname -p = unknown
/bin/uname -X     = unknown

/bin/arch              = unknown
/usr/bin/arch -k       = unknown
/usr/convex/getsysinfo = unknown
hostinfo               = unknown
/bin/machine           = unknown
/usr/bin/oslevel       = unknown
/bin/universe          = unknown

PATH: /usr/local/sbin
PATH: /usr/local/bin
PATH: /usr/sbin
PATH: /usr/bin
PATH: /sbin
PATH: /bin
PATH: /usr/games
PATH: /usr/local/games


## ----------- ##
## Core tests. ##
## ----------- ##

configure:1355: checking build system type
configure:1373: result: x86_64-unknown-linux-gnu
configure:1381: checking host system type
configure:1395: result: x86_64-unknown-linux-gnu
configure:1457: checking for gcc
configure:1473: found /usr/bin/gcc
configure:1483: result: gcc
configure:1727: checking for C compiler version
configure:1730: gcc --version </dev/null >&5
gcc (Ubuntu 4.8.4-2ubuntu1~14.04.3) 4.8.4
Copyright (C) 2013 Free Software Foundation, Inc.
This is free software; see the source for copying conditions.  There is NO
warranty; not even for MERCHANTABILITY or FITNESS FOR A PARTICULAR PURPOSE.

configure:1733: $? = 0
configure:1735: gcc -v </dev/null >&5
Using built-in specs.
COLLECT_GCC=gcc
COLLECT_LTO_WRAPPER=/usr/lib/gcc/x86_64-linux-gnu/4.8/lto-wrapper
Target: x86_64-linux-gnu
Configured with: ../src/configure -v --with-pkgversion='Ubuntu 4.8.4-2ubuntu1~14.04.3' --with-bugurl=file:///usr/share/doc/gcc-4.8/README.Bugs --enable-languages=c,c++,java,go,d,fortran,objc,obj-c++ --prefix=/usr --program-suffix=-4.8 --enable-shared --enable-linker-build-id --libexecdir=/usr/lib --without-included-gettext --enable-threads=posix --with-gxx-include-dir=/usr/include/c++/4.8 --libdir=/usr/lib --enable-nls --with-sysroot=/ --enable-clocale=gnu --enable-libstdcxx-debug --enable-libstdcxx-time=yes --enable-gnu-unique-object --disable-libmudflap --enable-plugin --with-system-zlib --disable-browser-plugin --enable-java-awt=gtk --enable-gtk-cairo --with-java-home=/usr/lib/jvm/java-1.5.0-gcj-4.8-amd64/jre --enable-java-home --with-jvm-root-dir=/usr/lib/jvm/java-1.5.0-gcj-4.8-amd64 --with-jvm-jar-dir=/usr/lib/jvm-exports/java-1.5.0-gcj-4.8-amd64 --with-arch-directory=amd64 --with-ecj-jar=/usr/share/java/eclipse-ecj.jar --enable-objc-gc --enable-multiarch --disable-werror --with-arch-32=i686 --with-abi=m64 --with-multilib-list=m32,m64,mx32 --with-tune=generic --enable-checking=release --build=x86_64-linux-gnu --host=x86_64-linux-gnu --target=x86_64-linux-gnu
Thread model: posix
gcc version 4.8.4 (Ubuntu 4.8.4-2ubuntu1~14.04.3) 
configure:1738: $? = 0
configure:1740: gcc -V </dev/null >&5
gcc: error: unrecognized command line option '-V'
gcc: fatal error: no input files
compilation terminated.
configure:1743: $? = 4
configure:1766: checking for C compiler default output file name
configure:1769: gcc    conftest.c  >&5
configure:1772: $? = 0
configure:1818: result: a.out
configure:1823: checking whether the C compiler works
configure:1829: ./a.out
configure:1832: $? = 0
configure:1849: result: yes
configure:1856: checking whether we are cross compiling
configure:1858: result: no
configure:1861: checking for suffix of executables
configure:1863: gcc -o conftest    conftest.c  >&5
configure:1866: $? = 0
configure:1891: result: 
configure:1897: checking for suffix of object files
configure:1918: gcc -c   conftest.c >&5
configure:1921: $? = 0
configure:1943: result: o
configure:1947: checking whether we are using the GNU C compiler
configure:1971: gcc -c   conftest.c >&5
configure:1977: $? = 0
configure:1981: test -z 
			 || test ! -s conftest.err
configure:1984: $? = 0
configure:1987: test -s conftest.o
configure:1990: $? = 0
configure:2003: result: yes
configure:2009: checking whether gcc accepts -g
configure:2030: gcc -c -g  conftest.c >&5
configure:2036: $? = 0
configure:2040: test -z 
			 || test ! -s conftest.err
configure:2043: $? = 0
configure:2046: test -s conftest.o
configure:2049: $? = 0
configure:2060: result: yes
configure:2077: checking for gcc option to accept ANSI C
configure:2147: gcc  -c -g -O2  conftest.c >&5
configure:2153: $? = 0
configure:2157: test -z 
			 || test ! -s conftest.err
configure:2160: $? = 0
configure:2163: test -s conftest.o
configure:2166: $? = 0
configure:2184: result: none needed
configure:2202: gcc -c -g -O2  conftest.c >&5
conftest.c:2:3: error: unknown type name 'choke'
   choke me
   ^
conftest.c:2:3: error: expected '=', ',', ';', 'asm' or '__attribute__' at end of input
configure:2208: $? = 1
configure: failed program was:
| #ifndef __cplusplus
|   choke me
| #endif
configure:2342: checking whether byte ordering is bigendian
configure:2369: gcc -c -g -O2  conftest.c >&5
configure:2375: $? = 0
configure:2379: test -z 
			 || test ! -s conftest.err
configure:2382: $? = 0
configure:2385: test -s conftest.o
configure:2388: $? = 0
configure:2412: gcc -c -g -O2  conftest.c >&5
conftest.c: In function 'main':
conftest.c:16:2: error: unknown type name 'not'
  not big endian
  ^
conftest.c:16:10: error: expected '=', ',', ';', 'asm' or '__attribute__' before 'endian'
  not big endian
          ^
configure:2418: $? = 1
configure: failed program was:
| /* confdefs.h.  */
| 
| #define PACKAGE_NAME "Spread"
| #define PACKAGE_TARNAME "spread"
| #define PACKAGE_VERSION "4.4.0"
| #define PACKAGE_STRING "Spread 4.4.0"
| #define PACKAGE_BUGREPORT ""
| /* end confdefs.h.  */
| #include <sys/types.h>
| #include <sys/param.h>
| 
| int
| main ()
| {
| #if BYTE_ORDER != BIG_ENDIAN
|  not big endian
| #endif
| 
|   ;
|   return 0;
| }
configure:2553: result: no
configure:2579: checking how to run the C preprocessor
configure:2614: gcc -E  conftest.c
configure:2620: $? = 0
configure:2652: gcc -E  conftest.c
conftest.c:9:28: fatal error: ac_nonexistent.h: No such file or directory
 #include <ac_nonexistent.h>
                            ^
compilation terminated.
configure:2658: $? = 1
configure: failed program was:
| /* confdefs.h.  */
| 
| #define PACKAGE_NAME "Spread"
| #define PACKAGE_TARNAME "spread"
| #define PACKAGE_VERSION "4.4.0"
| #define PACKAGE_STRING "Spread 4.4.0"
| #define PACKAGE_BUGREPORT ""
| /* end confdefs.h.  */
| #include <ac_nonexistent.h>
configure:2697: result: gcc -E
configure:2721: gcc -E  conftest.c
configure:2727: $? = 0
configure:2759: gcc -E  conftest.c
conftest.c:9:28: fatal error: ac_nonexistent.h: No such file or directory
 #include <ac_nonexistent.h>
                            ^
compilation terminated.
configure:2765: $? = 1
configure: failed program was:
| /* confdefs.h.  */
| 
| #define PACKAGE_NAME "Spread"
| #define PACKAGE_TARNAME "spread"
| #define PACKAGE_VERSION "4.4.0"
| #define PACKAGE_STRING "Spread 4.4.0"
| #define PACKAGE_BUGREPORT ""
| /* end confdefs.h.  */
| #include <ac_nonexistent.h>
configure:2849: checking for ranlib
configure:2865: found /usr/bin/ranlib
configure:2876: result: ranlib
configure:2901: checking for a BSD-compatible install
configure:2956: result: /usr/bin/install -c
configure:2967: checking whether ln -s works
configure:2971: result: yes
configure:2982: checking for bison
configure:3011: result: no
configure:2982: checking for byacc
configure:3011: result: no
configure:3021: checking for flex
configure:3054: result: no
configure:3061: checking for ar
configure:3079: found /usr/bin/ar
configure:3091: result: /usr/bin/ar
configure:3102: checking for perl5
configure:3135: result: no
configure:3102: checking for perl
configure:3120: found /usr/bin/perl
configure:3132: result: /usr/bin/perl
configure:3156: checking for inline
configure:3177: gcc -c -g -O2  conftest.c >&5
configure:3183: $? = 0
configure:3187: test -z 
			 || test ! -s conftest.err
configure:3190: $? = 0
configure:3193: test -s conftest.o
configure:3196: $? = 0
configure:3208: result: inline
configure:3280: checking if we need -pthread for threads
configure:3303: gcc -o conftest -g -O2 -Wall  -pthread  conftest.c  >&5
configure:3309: $? = 0
configure:3313: test -z 
			 || test ! -s conftest.err
configure:3316: $? = 0
configure:3319: test -s conftest
configure:3322: $? = 0
configure:3338: result: yes
configure:3352: checking for pthread_create in -lpthread
configure:3382: gcc -o conftest -g -O2 -Wall   conftest.c -lpthread   >&5
configure:3388: $? = 0
configure:3392: test -z 
			 || test ! -s conftest.err
configure:3395: $? = 0
configure:3398: test -s conftest
configure:3401: $? = 0
configure:3414: result: yes
configure:3426: checking for thr_create in -lthread
configure:3456: gcc -o conftest -g -O2 -Wall   conftest.c -lthread  -lpthread  >&5
/usr/bin/ld: cannot find -lthread
collect2: error: ld returned 1 exit status
configure:3462: $? = 1
configure: failed program was:
| /* confdefs.h.  */
| 
| #define PACKAGE_NAME "Spread"
| #define PACKAGE_TARNAME "spread"
| #define PACKAGE_VERSION "4.4.0"
| #define PACKAGE_STRING "Spread 4.4.0"
| #define PACKAGE_BUGREPORT ""
| #define HAVE_LIBPTHREAD 1
| /* end confdefs.h.  */
| 
| /* Override any gcc2 internal prototype to avoid an error.  */
| #ifdef __cplusplus
| extern "C"
| #endif
| /* We use char because int might match the return type of a gcc2
|    builtin and then its argument prototype would still apply.  */
| char thr_create ();
| int
| main ()
| {
| thr_create ();
|   ;
|   return 0;
| }
configure:3488: result: no
configure:3500: checking for sem_wait in -lposix4
configure:3530: gcc -o conftest -g -O2 -Wall   conftest.c -lposix4  -lpthread  >&5
/usr/bin/ld: cannot find -lposix4
collect2: error: ld returned 1 exit status
configure:3536: $? = 1
configure: failed program was:
| /* confdefs.h.  */
| 
| #define PACKAGE_NAME "Spread"
| #define PACKAGE_TARNAME "spread"
| #define PACKAGE_VERSION "4.4.0"
| #define PACKAGE_STRING "Spread 4.4.0"
| #define PACKAGE_BUGREPORT ""
| #define HAVE_LIBPTHREAD 1
| /* end confdefs.h.  */
| 
| /* Override any gcc2 internal prototype to avoid an error.  */
| #ifdef __cplusplus
| extern "C"
| #endif
| /* We use char because int might match the return type of a gcc2
|    builtin and then its argument prototype would still apply.  */
| char sem_wait ();
| int
| main ()
| {
| sem_wait ();
|   ;
|   return 0;
| }
configure:3562: result: no
configure:3579: checking for pthread_atfork
configure:3636: gcc -o conftest -g -O2 -Wall   conftest.c -lpthread  >&5
configure:3642: $? = 0
configure:3646: test -z 
			 || test ! -s conftest.err
configure:3649: $? = 0
configure:3652: test -s conftest
configure:3655: $? = 0
configure:3667: result: yes
configure:3680: checking for gethostbyaddr in -lnsl
configure:3710: gcc -o conftest -g -O2 -Wall   conftest.c -lnsl   >&5
configure:3716: $? = 0
configure:3720: test -z 
			 || test ! -s conftest.err
configure:3723: $? = 0
configure:3726: test -s conftest
configure:3729: $? = 0
configure:3742: result: yes
configure:3754: checking for socket in -lsocket
configure:3784: gcc -o conftest -g -O2 -Wall   conftest.c -lsocket  -lnsl  >&5
/usr/bin/ld: cannot find -lsocket
collect2: error: ld returned 1 exit status
configure:3790: $? = 1
configure: failed program was:
| /* confdefs.h.  */
| 
| #define PACKAGE_NAME "Spread"
| #define PACKAGE_TARNAME "spread"
| #define PACKAGE_VERSION "4.4.0"
| #define PACKAGE_STRING "Spread 4.4.0"
| #define PACKAGE_BUGREPORT ""
| #define HAVE_LIBPTHREAD 1
| #define HAVE_PTHREAD_ATFORK 1
| #define HAVE_LIBNSL 1
| /* end confdefs.h.  */
| 
| /* Override any gcc2 internal prototype to avoid an error.  */
| #ifdef __cplusplus
| extern "C"
| #endif
| /* We use char because int might match the return type of a gcc2
|    builtin and then its argument prototype would still apply.  */
| char socket ();
| int
| main ()
| {
| socket ();
|   ;
|   return 0;
| }
configure:3816: result: no
configure:3827: checking for library containing shm_open
configure:3857: gcc -o conftest -g -O2 -Wall   conftest.c -lnsl  >&5
/tmp/ccJ1CIHv.o: In function `main':
/home/weichao/VDL-disk/qiuwch/VDL/universe-starter-agent/install/spread/spread-src-4.4.0/conftest.c:23: undefined reference to `shm_open'
collect2: error: ld returned 1 exit status
configure:3863: $? = 1
configure: failed program was:
| /* confdefs.h.  */
| 
| #define PACKAGE_NAME "Spread"
| #define PACKAGE_TARNAME "spread"
| #define PACKAGE_VERSION "4.4.0"
| #define PACKAGE_STRING "Spread 4.4.0"
| #define PACKAGE_BUGREPORT ""
| #define HAVE_LIBPTHREAD 1
| #define HAVE_PTHREAD_ATFORK 1
| #define HAVE_LIBNSL 1
| /* end confdefs.h.  */
| 
| /* Override any gcc2 internal prototype to avoid an error.  */
| #ifdef __cplusplus
| extern "C"
| #endif
| /* We use char because int might match the return type of a gcc2
|    builtin and then its argument prototype would still apply.  */
| char shm_open ();
| int
| main ()
| {
| shm_open ();
|   ;
|   return 0;
| }
configure:3912: gcc -o conftest -g -O2 -Wall   conftest.c -lrt  -lnsl  >&5
configure:3918: $? = 0
configure:3922: test -z 
			 || test ! -s conftest.err
configure:3925: $? = 0
configure:3928: test -s conftest
configure:3931: $? = 0
configure:3946: result: -lrt
configure:3953: checking for library containing nanosleep
configure:3983: gcc -o conftest -g -O2 -Wall   conftest.c -lrt -lnsl  >&5
configure:3989: $? = 0
configure:3993: test -z 
			 || test ! -s conftest.err
configure:3996: $? = 0
configure:3999: test -s conftest
configure:4002: $? = 0
configure:4072: result: none required
configure:4080: checking for sqrt in -lm
configure:4110: gcc -o conftest -g -O2 -Wall   conftest.c -lm  -lrt -lnsl  >&5
conftest.c:19:6: warning: conflicting types for built-in function 'sqrt' [enabled by default]
 char sqrt ();
      ^
configure:4116: $? = 0
configure:4120: test -z 
			 || test ! -s conftest.err
configure:4123: $? = 0
configure:4126: test -s conftest
configure:4129: $? = 0
configure:4142: result: yes
configure:4158: checking for strftime
configure:4215: gcc -o conftest -g -O2 -Wall   conftest.c -lm -lrt -lnsl  >&5
conftest.c:37:6: warning: conflicting types for built-in function 'strftime' [enabled by default]
 char strftime ();
      ^
configure:4221: $? = 0
configure:4225: test -z 
			 || test ! -s conftest.err
configure:4228: $? = 0
configure:4231: test -s conftest
configure:4234: $? = 0
configure:4246: result: yes
configure:4333: checking for egrep
configure:4343: result: grep -E
configure:4348: checking for ANSI C header files
configure:4373: gcc -c -g -O2 -Wall  conftest.c >&5
configure:4379: $? = 0
configure:4383: test -z 
			 || test ! -s conftest.err
configure:4386: $? = 0
configure:4389: test -s conftest.o
configure:4392: $? = 0
configure:4481: gcc -o conftest -g -O2 -Wall   conftest.c -lm -lrt -lnsl  >&5
conftest.c: In function 'main':
conftest.c:31:7: warning: implicit declaration of function 'exit' [-Wimplicit-function-declaration]
       exit(2);
       ^
conftest.c:31:7: warning: incompatible implicit declaration of built-in function 'exit' [enabled by default]
configure:4484: $? = 0
configure:4486: ./conftest
configure:4489: $? = 0
configure:4504: result: yes
configure:4528: checking for sys/types.h
configure:4544: gcc -c -g -O2 -Wall  conftest.c >&5
configure:4550: $? = 0
configure:4554: test -z 
			 || test ! -s conftest.err
configure:4557: $? = 0
configure:4560: test -s conftest.o
configure:4563: $? = 0
configure:4574: result: yes
configure:4528: checking for sys/stat.h
configure:4544: gcc -c -g -O2 -Wall  conftest.c >&5
configure:4550: $? = 0
configure:4554: test -z 
			 || test ! -s conftest.err
configure:4557: $? = 0
configure:4560: test -s conftest.o
configure:4563: $? = 0
configure:4574: result: yes
configure:4528: checking for stdlib.h
configure:4544: gcc -c -g -O2 -Wall  conftest.c >&5
configure:4550: $? = 0
configure:4554: test -z 
			 || test ! -s conftest.err
configure:4557: $? = 0
configure:4560: test -s conftest.o
configure:4563: $? = 0
configure:4574: result: yes
configure:4528: checking for string.h
configure:4544: gcc -c -g -O2 -Wall  conftest.c >&5
configure:4550: $? = 0
configure:4554: test -z 
			 || test ! -s conftest.err
configure:4557: $? = 0
configure:4560: test -s conftest.o
configure:4563: $? = 0
configure:4574: result: yes
configure:4528: checking for memory.h
configure:4544: gcc -c -g -O2 -Wall  conftest.c >&5
configure:4550: $? = 0
configure:4554: test -z 
			 || test ! -s conftest.err
configure:4557: $? = 0
configure:4560: test -s conftest.o
configure:4563: $? = 0
configure:4574: result: yes
configure:4528: checking for strings.h
configure:4544: gcc -c -g -O2 -Wall  conftest.c >&5
configure:4550: $? = 0
configure:4554: test -z 
			 || test ! -s conftest.err
configure:4557: $? = 0
configure:4560: test -s conftest.o
configure:4563: $? = 0
configure:4574: result: yes
configure:4528: checking for inttypes.h
configure:4544: gcc -c -g -O2 -Wall  conftest.c >&5
configure:4550: $? = 0
configure:4554: test -z 
			 || test ! -s conftest.err
configure:4557: $? = 0
configure:4560: test -s conftest.o
configure:4563: $? = 0
configure:4574: result: yes
configure:4528: checking for stdint.h
configure:4544: gcc -c -g -O2 -Wall  conftest.c >&5
configure:4550: $? = 0
configure:4554: test -z 
			 || test ! -s conftest.err
configure:4557: $? = 0
configure:4560: test -s conftest.o
configure:4563: $? = 0
configure:4574: result: yes
configure:4528: checking for unistd.h
configure:4544: gcc -c -g -O2 -Wall  conftest.c >&5
configure:4550: $? = 0
configure:4554: test -z 
			 || test ! -s conftest.err
configure:4557: $? = 0
configure:4560: test -s conftest.o
configure:4563: $? = 0
configure:4574: result: yes
configure:4631: checking arpa/inet.h usability
configure:4643: gcc -c -g -O2 -Wall  conftest.c >&5
configure:4649: $? = 0
configure:4653: test -z 
			 || test ! -s conftest.err
configure:4656: $? = 0
configure:4659: test -s conftest.o
configure:4662: $? = 0
configure:4672: result: yes
configure:4676: checking arpa/inet.h presence
configure:4686: gcc -E  conftest.c
configure:4692: $? = 0
configure:4712: result: yes
configure:4747: checking for arpa/inet.h
configure:4754: result: yes
configure:4631: checking assert.h usability
configure:4643: gcc -c -g -O2 -Wall  conftest.c >&5
configure:4649: $? = 0
configure:4653: test -z 
			 || test ! -s conftest.err
configure:4656: $? = 0
configure:4659: test -s conftest.o
configure:4662: $? = 0
configure:4672: result: yes
configure:4676: checking assert.h presence
configure:4686: gcc -E  conftest.c
configure:4692: $? = 0
configure:4712: result: yes
configure:4747: checking for assert.h
configure:4754: result: yes
configure:4631: checking errno.h usability
configure:4643: gcc -c -g -O2 -Wall  conftest.c >&5
configure:4649: $? = 0
configure:4653: test -z 
			 || test ! -s conftest.err
configure:4656: $? = 0
configure:4659: test -s conftest.o
configure:4662: $? = 0
configure:4672: result: yes
configure:4676: checking errno.h presence
configure:4686: gcc -E  conftest.c
configure:4692: $? = 0
configure:4712: result: yes
configure:4747: checking for errno.h
configure:4754: result: yes
configure:4631: checking grp.h usability
configure:4643: gcc -c -g -O2 -Wall  conftest.c >&5
configure:4649: $? = 0
configure:4653: test -z 
			 || test ! -s conftest.err
configure:4656: $? = 0
configure:4659: test -s conftest.o
configure:4662: $? = 0
configure:4672: result: yes
configure:4676: checking grp.h presence
configure:4686: gcc -E  conftest.c
configure:4692: $? = 0
configure:4712: result: yes
configure:4747: checking for grp.h
configure:4754: result: yes
configure:4631: checking limits.h usability
configure:4643: gcc -c -g -O2 -Wall  conftest.c >&5
configure:4649: $? = 0
configure:4653: test -z 
			 || test ! -s conftest.err
configure:4656: $? = 0
configure:4659: test -s conftest.o
configure:4662: $? = 0
configure:4672: result: yes
configure:4676: checking limits.h presence
configure:4686: gcc -E  conftest.c
configure:4692: $? = 0
configure:4712: result: yes
configure:4747: checking for limits.h
configure:4754: result: yes
configure:4631: checking netdb.h usability
configure:4643: gcc -c -g -O2 -Wall  conftest.c >&5
configure:4649: $? = 0
configure:4653: test -z 
			 || test ! -s conftest.err
configure:4656: $? = 0
configure:4659: test -s conftest.o
configure:4662: $? = 0
configure:4672: result: yes
configure:4676: checking netdb.h presence
configure:4686: gcc -E  conftest.c
configure:4692: $? = 0
configure:4712: result: yes
configure:4747: checking for netdb.h
configure:4754: result: yes
configure:4631: checking netinet/in.h usability
configure:4643: gcc -c -g -O2 -Wall  conftest.c >&5
configure:4649: $? = 0
configure:4653: test -z 
			 || test ! -s conftest.err
configure:4656: $? = 0
configure:4659: test -s conftest.o
configure:4662: $? = 0
configure:4672: result: yes
configure:4676: checking netinet/in.h presence
configure:4686: gcc -E  conftest.c
configure:4692: $? = 0
configure:4712: result: yes
configure:4747: checking for netinet/in.h
configure:4754: result: yes
configure:4631: checking netinet/tcp.h usability
configure:4643: gcc -c -g -O2 -Wall  conftest.c >&5
configure:4649: $? = 0
configure:4653: test -z 
			 || test ! -s conftest.err
configure:4656: $? = 0
configure:4659: test -s conftest.o
configure:4662: $? = 0
configure:4672: result: yes
configure:4676: checking netinet/tcp.h presence
configure:4686: gcc -E  conftest.c
configure:4692: $? = 0
configure:4712: result: yes
configure:4747: checking for netinet/tcp.h
configure:4754: result: yes
configure:4631: checking process.h usability
configure:4643: gcc -c -g -O2 -Wall  conftest.c >&5
conftest.c:66:21: fatal error: process.h: No such file or directory
 #include <process.h>
                     ^
compilation terminated.
configure:4649: $? = 1
configure: failed program was:
| /* confdefs.h.  */
| 
| #define PACKAGE_NAME "Spread"
| #define PACKAGE_TARNAME "spread"
| #define PACKAGE_VERSION "4.4.0"
| #define PACKAGE_STRING "Spread 4.4.0"
| #define PACKAGE_BUGREPORT ""
| #define HAVE_LIBPTHREAD 1
| #define HAVE_PTHREAD_ATFORK 1
| #define HAVE_LIBNSL 1
| #define HAVE_LIBM 1
| #define HAVE_STRFTIME 1
| #define STDC_HEADERS 1
| #define HAVE_SYS_TYPES_H 1
| #define HAVE_SYS_STAT_H 1
| #define HAVE_STDLIB_H 1
| #define HAVE_STRING_H 1
| #define HAVE_MEMORY_H 1
| #define HAVE_STRINGS_H 1
| #define HAVE_INTTYPES_H 1
| #define HAVE_STDINT_H 1
| #define HAVE_UNISTD_H 1
| #define HAVE_ARPA_INET_H 1
| #define HAVE_ASSERT_H 1
| #define HAVE_ERRNO_H 1
| #define HAVE_GRP_H 1
| #define HAVE_LIMITS_H 1
| #define HAVE_NETDB_H 1
| #define HAVE_NETINET_IN_H 1
| #define HAVE_NETINET_TCP_H 1
| /* end confdefs.h.  */
| #include <stdio.h>
| #if HAVE_SYS_TYPES_H
| # include <sys/types.h>
| #endif
| #if HAVE_SYS_STAT_H
| # include <sys/stat.h>
| #endif
| #if STDC_HEADERS
| # include <stdlib.h>
| # include <stddef.h>
| #else
| # if HAVE_STDLIB_H
| #  include <stdlib.h>
| # endif
| #endif
| #if HAVE_STRING_H
| # if !STDC_HEADERS && HAVE_MEMORY_H
| #  include <memory.h>
| # endif
| # include <string.h>
| #endif
| #if HAVE_STRINGS_H
| # include <strings.h>
| #endif
| #if HAVE_INTTYPES_H
| # include <inttypes.h>
| #else
| # if HAVE_STDINT_H
| #  include <stdint.h>
| # endif
| #endif
| #if HAVE_UNISTD_H
| # include <unistd.h>
| #endif
| #include <process.h>
configure:4672: result: no
configure:4676: checking process.h presence
configure:4686: gcc -E  conftest.c
conftest.c:32:21: fatal error: process.h: No such file or directory
 #include <process.h>
                     ^
compilation terminated.
configure:4692: $? = 1
configure: failed program was:
| /* confdefs.h.  */
| 
| #define PACKAGE_NAME "Spread"
| #define PACKAGE_TARNAME "spread"
| #define PACKAGE_VERSION "4.4.0"
| #define PACKAGE_STRING "Spread 4.4.0"
| #define PACKAGE_BUGREPORT ""
| #define HAVE_LIBPTHREAD 1
| #define HAVE_PTHREAD_ATFORK 1
| #define HAVE_LIBNSL 1
| #define HAVE_LIBM 1
| #define HAVE_STRFTIME 1
| #define STDC_HEADERS 1
| #define HAVE_SYS_TYPES_H 1
| #define HAVE_SYS_STAT_H 1
| #define HAVE_STDLIB_H 1
| #define HAVE_STRING_H 1
| #define HAVE_MEMORY_H 1
| #define HAVE_STRINGS_H 1
| #define HAVE_INTTYPES_H 1
| #define HAVE_STDINT_H 1
| #define HAVE_UNISTD_H 1
| #define HAVE_ARPA_INET_H 1
| #define HAVE_ASSERT_H 1
| #define HAVE_ERRNO_H 1
| #define HAVE_GRP_H 1
| #define HAVE_LIMITS_H 1
| #define HAVE_NETDB_H 1
| #define HAVE_NETINET_IN_H 1
| #define HAVE_NETINET_TCP_H 1
| /* end confdefs.h.  */
| #include <process.h>
configure:4712: result: no
configure:4747: checking for process.h
configure:4754: result: no
configure:4631: checking pthread.h usability
configure:4643: gcc -c -g -O2 -Wall  conftest.c >&5
configure:4649: $? = 0
configure:4653: test -z 
			 || test ! -s conftest.err
configure:4656: $? = 0
configure:4659: test -s conftest.o
configure:4662: $? = 0
configure:4672: result: yes
configure:4676: checking pthread.h presence
configure:4686: gcc -E  conftest.c
configure:4692: $? = 0
configure:4712: result: yes
configure:4747: checking for pthread.h
configure:4754: result: yes
configure:4631: checking pwd.h usability
configure:4643: gcc -c -g -O2 -Wall  conftest.c >&5
configure:4649: $? = 0
configure:4653: test -z 
			 || test ! -s conftest.err
configure:4656: $? = 0
configure:4659: test -s conftest.o
configure:4662: $? = 0
configure:4672: result: yes
configure:4676: checking pwd.h presence
configure:4686: gcc -E  conftest.c
configure:4692: $? = 0
configure:4712: result: yes
configure:4747: checking for pwd.h
configure:4754: result: yes
configure:4631: checking signal.h usability
configure:4643: gcc -c -g -O2 -Wall  conftest.c >&5
configure:4649: $? = 0
configure:4653: test -z 
			 || test ! -s conftest.err
configure:4656: $? = 0
configure:4659: test -s conftest.o
configure:4662: $? = 0
configure:4672: result: yes
configure:4676: checking signal.h presence
configure:4686: gcc -E  conftest.c
configure:4692: $? = 0
configure:4712: result: yes
configure:4747: checking for signal.h
configure:4754: result: yes
configure:4631: checking stdarg.h usability
configure:4643: gcc -c -g -O2 -Wall  conftest.c >&5
configure:4649: $? = 0
configure:4653: test -z 
			 || test ! -s conftest.err
configure:4656: $? = 0
configure:4659: test -s conftest.o
configure:4662: $? = 0
configure:4672: result: yes
configure:4676: checking stdarg.h presence
configure:4686: gcc -E  conftest.c
configure:4692: $? = 0
configure:4712: result: yes
configure:4747: checking for stdarg.h
configure:4754: result: yes
configure:4622: checking for stdint.h
configure:4627: result: yes
configure:4631: checking stdio.h usability
configure:4643: gcc -c -g -O2 -Wall  conftest.c >&5
configure:4649: $? = 0
configure:4653: test -z 
			 || test ! -s conftest.err
configure:4656: $? = 0
configure:4659: test -s conftest.o
configure:4662: $? = 0
configure:4672: result: yes
configure:4676: checking stdio.h presence
configure:4686: gcc -E  conftest.c
configure:4692: $? = 0
configure:4712: result: yes
configure:4747: checking for stdio.h
configure:4754: result: yes
configure:4622: checking for stdlib.h
configure:4627: result: yes
configure:4622: checking for string.h
configure:4627: result: yes
configure:4631: checking sys/inttypes.h usability
configure:4643: gcc -c -g -O2 -Wall  conftest.c >&5
conftest.c:74:26: fatal error: sys/inttypes.h: No such file or directory
 #include <sys/inttypes.h>
                          ^
compilation terminated.
configure:4649: $? = 1
configure: failed program was:
| /* confdefs.h.  */
| 
| #define PACKAGE_NAME "Spread"
| #define PACKAGE_TARNAME "spread"
| #define PACKAGE_VERSION "4.4.0"
| #define PACKAGE_STRING "Spread 4.4.0"
| #define PACKAGE_BUGREPORT ""
| #define HAVE_LIBPTHREAD 1
| #define HAVE_PTHREAD_ATFORK 1
| #define HAVE_LIBNSL 1
| #define HAVE_LIBM 1
| #define HAVE_STRFTIME 1
| #define STDC_HEADERS 1
| #define HAVE_SYS_TYPES_H 1
| #define HAVE_SYS_STAT_H 1
| #define HAVE_STDLIB_H 1
| #define HAVE_STRING_H 1
| #define HAVE_MEMORY_H 1
| #define HAVE_STRINGS_H 1
| #define HAVE_INTTYPES_H 1
| #define HAVE_STDINT_H 1
| #define HAVE_UNISTD_H 1
| #define HAVE_ARPA_INET_H 1
| #define HAVE_ASSERT_H 1
| #define HAVE_ERRNO_H 1
| #define HAVE_GRP_H 1
| #define HAVE_LIMITS_H 1
| #define HAVE_NETDB_H 1
| #define HAVE_NETINET_IN_H 1
| #define HAVE_NETINET_TCP_H 1
| #define HAVE_PTHREAD_H 1
| #define HAVE_PWD_H 1
| #define HAVE_SIGNAL_H 1
| #define HAVE_STDARG_H 1
| #define HAVE_STDINT_H 1
| #define HAVE_STDIO_H 1
| #define HAVE_STDLIB_H 1
| #define HAVE_STRING_H 1
| /* end confdefs.h.  */
| #include <stdio.h>
| #if HAVE_SYS_TYPES_H
| # include <sys/types.h>
| #endif
| #if HAVE_SYS_STAT_H
| # include <sys/stat.h>
| #endif
| #if STDC_HEADERS
| # include <stdlib.h>
| # include <stddef.h>
| #else
| # if HAVE_STDLIB_H
| #  include <stdlib.h>
| # endif
| #endif
| #if HAVE_STRING_H
| # if !STDC_HEADERS && HAVE_MEMORY_H
| #  include <memory.h>
| # endif
| # include <string.h>
| #endif
| #if HAVE_STRINGS_H
| # include <strings.h>
| #endif
| #if HAVE_INTTYPES_H
| # include <inttypes.h>
| #else
| # if HAVE_STDINT_H
| #  include <stdint.h>
| # endif
| #endif
| #if HAVE_UNISTD_H
| # include <unistd.h>
| #endif
| #include <sys/inttypes.h>
configure:4672: result: no
configure:4676: checking sys/inttypes.h presence
configure:4686: gcc -E  conftest.c
conftest.c:40:26: fatal error: sys/inttypes.h: No such file or directory
 #include <sys/inttypes.h>
                          ^
compilation terminated.
configure:4692: $? = 1
configure: failed program was:
| /* confdefs.h.  */
| 
| #define PACKAGE_NAME "Spread"
| #define PACKAGE_TARNAME "spread"
| #define PACKAGE_VERSION "4.4.0"
| #define PACKAGE_STRING "Spread 4.4.0"
| #define PACKAGE_BUGREPORT ""
| #define HAVE_LIBPTHREAD 1
| #define HAVE_PTHREAD_ATFORK 1
| #define HAVE_LIBNSL 1
| #define HAVE_LIBM 1
| #define HAVE_STRFTIME 1
| #define STDC_HEADERS 1
| #define HAVE_SYS_TYPES_H 1
| #define HAVE_SYS_STAT_H 1
| #define HAVE_STDLIB_H 1
| #define HAVE_STRING_H 1
| #define HAVE_MEMORY_H 1
| #define HAVE_STRINGS_H 1
| #define HAVE_INTTYPES_H 1
| #define HAVE_STDINT_H 1
| #define HAVE_UNISTD_H 1
| #define HAVE_ARPA_INET_H 1
| #define HAVE_ASSERT_H 1
| #define HAVE_ERRNO_H 1
| #define HAVE_GRP_H 1
| #define HAVE_LIMITS_H 1
| #define HAVE_NETDB_H 1
| #define HAVE_NETINET_IN_H 1
| #define HAVE_NETINET_TCP_H 1
| #define HAVE_PTHREAD_H 1
| #define HAVE_PWD_H 1
| #define HAVE_SIGNAL_H 1
| #define HAVE_STDARG_H 1
| #define HAVE_STDINT_H 1
| #define HAVE_STDIO_H 1
| #define HAVE_STDLIB_H 1
| #define HAVE_STRING_H 1
| /* end confdefs.h.  */
| #include <sys/inttypes.h>
configure:4712: result: no
configure:4747: checking for sys/inttypes.h
configure:4754: result: no
configure:4631: checking sys/ioctl.h usability
configure:4643: gcc -c -g -O2 -Wall  conftest.c >&5
configure:4649: $? = 0
configure:4653: test -z 
			 || test ! -s conftest.err
configure:4656: $? = 0
configure:4659: test -s conftest.o
configure:4662: $? = 0
configure:4672: result: yes
configure:4676: checking sys/ioctl.h presence
configure:4686: gcc -E  conftest.c
configure:4692: $? = 0
configure:4712: result: yes
configure:4747: checking for sys/ioctl.h
configure:4754: result: yes
configure:4631: checking sys/param.h usability
configure:4643: gcc -c -g -O2 -Wall  conftest.c >&5
configure:4649: $? = 0
configure:4653: test -z 
			 || test ! -s conftest.err
configure:4656: $? = 0
configure:4659: test -s conftest.o
configure:4662: $? = 0
configure:4672: result: yes
configure:4676: checking sys/param.h presence
configure:4686: gcc -E  conftest.c
configure:4692: $? = 0
configure:4712: result: yes
configure:4747: checking for sys/param.h
configure:4754: result: yes
configure:4631: checking sys/socket.h usability
configure:4643: gcc -c -g -O2 -Wall  conftest.c >&5
configure:4649: $? = 0
configure:4653: test -z 
			 || test ! -s conftest.err
configure:4656: $? = 0
configure:4659: test -s conftest.o
configure:4662: $? = 0
configure:4672: result: yes
configure:4676: checking sys/socket.h presence
configure:4686: gcc -E  conftest.c
configure:4692: $? = 0
configure:4712: result: yes
configure:4747: checking for sys/socket.h
configure:4754: result: yes
configure:4622: checking for sys/stat.h
configure:4627: result: yes
configure:4631: checking sys/time.h usability
configure:4643: gcc -c -g -O2 -Wall  conftest.c >&5
configure:4649: $? = 0
configure:4653: test -z 
			 || test ! -s conftest.err
configure:4656: $? = 0
configure:4659: test -s conftest.o
configure:4662: $? = 0
configure:4672: result: yes
configure:4676: checking sys/time.h presence
configure:4686: gcc -E  conftest.c
configure:4692: $? = 0
configure:4712: result: yes
configure:4747: checking for sys/time.h
configure:4754: result: yes
configure:4631: checking sys/timeb.h usability
configure:4643: gcc -c -g -O2 -Wall  conftest.c >&5
configure:4649: $? = 0
configure:4653: test -z 
			 || test ! -s conftest.err
configure:4656: $? = 0
configure:4659: test -s conftest.o
configure:4662: $? = 0
configure:4672: result: yes
configure:4676: checking sys/timeb.h presence
configure:4686: gcc -E  conftest.c
configure:4692: $? = 0
configure:4712: result: yes
configure:4747: checking for sys/timeb.h
configure:4754: result: yes
configure:4622: checking for sys/types.h
configure:4627: result: yes
configure:4631: checking sys/uio.h usability
configure:4643: gcc -c -g -O2 -Wall  conftest.c >&5
configure:4649: $? = 0
configure:4653: test -z 
			 || test ! -s conftest.err
configure:4656: $? = 0
configure:4659: test -s conftest.o
configure:4662: $? = 0
configure:4672: result: yes
configure:4676: checking sys/uio.h presence
configure:4686: gcc -E  conftest.c
configure:4692: $? = 0
configure:4712: result: yes
configure:4747: checking for sys/uio.h
configure:4754: result: yes
configure:4631: checking sys/un.h usability
configure:4643: gcc -c -g -O2 -Wall  conftest.c >&5
configure:4649: $? = 0
configure:4653: test -z 
			 || test ! -s conftest.err
configure:4656: $? = 0
configure:4659: test -s conftest.o
configure:4662: $? = 0
configure:4672: result: yes
configure:4676: checking sys/un.h presence
configure:4686: gcc -E  conftest.c
configure:4692: $? = 0
configure:4712: result: yes
configure:4747: checking for sys/un.h
configure:4754: result: yes
configure:4631: checking sys/filio.h usability
configure:4643: gcc -c -g -O2 -Wall  conftest.c >&5
conftest.c:83:23: fatal error: sys/filio.h: No such file or directory
 #include <sys/filio.h>
                       ^
compilation terminated.
configure:4649: $? = 1
configure: failed program was:
| /* confdefs.h.  */
| 
| #define PACKAGE_NAME "Spread"
| #define PACKAGE_TARNAME "spread"
| #define PACKAGE_VERSION "4.4.0"
| #define PACKAGE_STRING "Spread 4.4.0"
| #define PACKAGE_BUGREPORT ""
| #define HAVE_LIBPTHREAD 1
| #define HAVE_PTHREAD_ATFORK 1
| #define HAVE_LIBNSL 1
| #define HAVE_LIBM 1
| #define HAVE_STRFTIME 1
| #define STDC_HEADERS 1
| #define HAVE_SYS_TYPES_H 1
| #define HAVE_SYS_STAT_H 1
| #define HAVE_STDLIB_H 1
| #define HAVE_STRING_H 1
| #define HAVE_MEMORY_H 1
| #define HAVE_STRINGS_H 1
| #define HAVE_INTTYPES_H 1
| #define HAVE_STDINT_H 1
| #define HAVE_UNISTD_H 1
| #define HAVE_ARPA_INET_H 1
| #define HAVE_ASSERT_H 1
| #define HAVE_ERRNO_H 1
| #define HAVE_GRP_H 1
| #define HAVE_LIMITS_H 1
| #define HAVE_NETDB_H 1
| #define HAVE_NETINET_IN_H 1
| #define HAVE_NETINET_TCP_H 1
| #define HAVE_PTHREAD_H 1
| #define HAVE_PWD_H 1
| #define HAVE_SIGNAL_H 1
| #define HAVE_STDARG_H 1
| #define HAVE_STDINT_H 1
| #define HAVE_STDIO_H 1
| #define HAVE_STDLIB_H 1
| #define HAVE_STRING_H 1
| #define HAVE_SYS_IOCTL_H 1
| #define HAVE_SYS_PARAM_H 1
| #define HAVE_SYS_SOCKET_H 1
| #define HAVE_SYS_STAT_H 1
| #define HAVE_SYS_TIME_H 1
| #define HAVE_SYS_TIMEB_H 1
| #define HAVE_SYS_TYPES_H 1
| #define HAVE_SYS_UIO_H 1
| #define HAVE_SYS_UN_H 1
| /* end confdefs.h.  */
| #include <stdio.h>
| #if HAVE_SYS_TYPES_H
| # include <sys/types.h>
| #endif
| #if HAVE_SYS_STAT_H
| # include <sys/stat.h>
| #endif
| #if STDC_HEADERS
| # include <stdlib.h>
| # include <stddef.h>
| #else
| # if HAVE_STDLIB_H
| #  include <stdlib.h>
| # endif
| #endif
| #if HAVE_STRING_H
| # if !STDC_HEADERS && HAVE_MEMORY_H
| #  include <memory.h>
| # endif
| # include <string.h>
| #endif
| #if HAVE_STRINGS_H
| # include <strings.h>
| #endif
| #if HAVE_INTTYPES_H
| # include <inttypes.h>
| #else
| # if HAVE_STDINT_H
| #  include <stdint.h>
| # endif
| #endif
| #if HAVE_UNISTD_H
| # include <unistd.h>
| #endif
| #include <sys/filio.h>
configure:4672: result: no
configure:4676: checking sys/filio.h presence
configure:4686: gcc -E  conftest.c
conftest.c:49:23: fatal error: sys/filio.h: No such file or directory
 #include <sys/filio.h>
                       ^
compilation terminated.
configure:4692: $? = 1
configure: failed program was:
| /* confdefs.h.  */
| 
| #define PACKAGE_NAME "Spread"
| #define PACKAGE_TARNAME "spread"
| #define PACKAGE_VERSION "4.4.0"
| #define PACKAGE_STRING "Spread 4.4.0"
| #define PACKAGE_BUGREPORT ""
| #define HAVE_LIBPTHREAD 1
| #define HAVE_PTHREAD_ATFORK 1
| #define HAVE_LIBNSL 1
| #define HAVE_LIBM 1
| #define HAVE_STRFTIME 1
| #define STDC_HEADERS 1
| #define HAVE_SYS_TYPES_H 1
| #define HAVE_SYS_STAT_H 1
| #define HAVE_STDLIB_H 1
| #define HAVE_STRING_H 1
| #define HAVE_MEMORY_H 1
| #define HAVE_STRINGS_H 1
| #define HAVE_INTTYPES_H 1
| #define HAVE_STDINT_H 1
| #define HAVE_UNISTD_H 1
| #define HAVE_ARPA_INET_H 1
| #define HAVE_ASSERT_H 1
| #define HAVE_ERRNO_H 1
| #define HAVE_GRP_H 1
| #define HAVE_LIMITS_H 1
| #define HAVE_NETDB_H 1
| #define HAVE_NETINET_IN_H 1
| #define HAVE_NETINET_TCP_H 1
| #define HAVE_PTHREAD_H 1
| #define HAVE_PWD_H 1
| #define HAVE_SIGNAL_H 1
| #define HAVE_STDARG_H 1
| #define HAVE_STDINT_H 1
| #define HAVE_STDIO_H 1
| #define HAVE_STDLIB_H 1
| #define HAVE_STRING_H 1
| #define HAVE_SYS_IOCTL_H 1
| #define HAVE_SYS_PARAM_H 1
| #define HAVE_SYS_SOCKET_H 1
| #define HAVE_SYS_STAT_H 1
| #define HAVE_SYS_TIME_H 1
| #define HAVE_SYS_TIMEB_H 1
| #define HAVE_SYS_TYPES_H 1
| #define HAVE_SYS_UIO_H 1
| #define HAVE_SYS_UN_H 1
| /* end confdefs.h.  */
| #include <sys/filio.h>
configure:4712: result: no
configure:4747: checking for sys/filio.h
configure:4754: result: no
configure:4631: checking time.h usability
configure:4643: gcc -c -g -O2 -Wall  conftest.c >&5
configure:4649: $? = 0
configure:4653: test -z 
			 || test ! -s conftest.err
configure:4656: $? = 0
configure:4659: test -s conftest.o
configure:4662: $? = 0
configure:4672: result: yes
configure:4676: checking time.h presence
configure:4686: gcc -E  conftest.c
configure:4692: $? = 0
configure:4712: result: yes
configure:4747: checking for time.h
configure:4754: result: yes
configure:4622: checking for unistd.h
configure:4627: result: yes
configure:4631: checking windows.h usability
configure:4643: gcc -c -g -O2 -Wall  conftest.c >&5
conftest.c:85:21: fatal error: windows.h: No such file or directory
 #include <windows.h>
                     ^
compilation terminated.
configure:4649: $? = 1
configure: failed program was:
| /* confdefs.h.  */
| 
| #define PACKAGE_NAME "Spread"
| #define PACKAGE_TARNAME "spread"
| #define PACKAGE_VERSION "4.4.0"
| #define PACKAGE_STRING "Spread 4.4.0"
| #define PACKAGE_BUGREPORT ""
| #define HAVE_LIBPTHREAD 1
| #define HAVE_PTHREAD_ATFORK 1
| #define HAVE_LIBNSL 1
| #define HAVE_LIBM 1
| #define HAVE_STRFTIME 1
| #define STDC_HEADERS 1
| #define HAVE_SYS_TYPES_H 1
| #define HAVE_SYS_STAT_H 1
| #define HAVE_STDLIB_H 1
| #define HAVE_STRING_H 1
| #define HAVE_MEMORY_H 1
| #define HAVE_STRINGS_H 1
| #define HAVE_INTTYPES_H 1
| #define HAVE_STDINT_H 1
| #define HAVE_UNISTD_H 1
| #define HAVE_ARPA_INET_H 1
| #define HAVE_ASSERT_H 1
| #define HAVE_ERRNO_H 1
| #define HAVE_GRP_H 1
| #define HAVE_LIMITS_H 1
| #define HAVE_NETDB_H 1
| #define HAVE_NETINET_IN_H 1
| #define HAVE_NETINET_TCP_H 1
| #define HAVE_PTHREAD_H 1
| #define HAVE_PWD_H 1
| #define HAVE_SIGNAL_H 1
| #define HAVE_STDARG_H 1
| #define HAVE_STDINT_H 1
| #define HAVE_STDIO_H 1
| #define HAVE_STDLIB_H 1
| #define HAVE_STRING_H 1
| #define HAVE_SYS_IOCTL_H 1
| #define HAVE_SYS_PARAM_H 1
| #define HAVE_SYS_SOCKET_H 1
| #define HAVE_SYS_STAT_H 1
| #define HAVE_SYS_TIME_H 1
| #define HAVE_SYS_TIMEB_H 1
| #define HAVE_SYS_TYPES_H 1
| #define HAVE_SYS_UIO_H 1
| #define HAVE_SYS_UN_H 1
| #define HAVE_TIME_H 1
| #define HAVE_UNISTD_H 1
| /* end confdefs.h.  */
| #include <stdio.h>
| #if HAVE_SYS_TYPES_H
| # include <sys/types.h>
| #endif
| #if HAVE_SYS_STAT_H
| # include <sys/stat.h>
| #endif
| #if STDC_HEADERS
| # include <stdlib.h>
| # include <stddef.h>
| #else
| # if HAVE_STDLIB_H
| #  include <stdlib.h>
| # endif
| #endif
| #if HAVE_STRING_H
| # if !STDC_HEADERS && HAVE_MEMORY_H
| #  include <memory.h>
| # endif
| # include <string.h>
| #endif
| #if HAVE_STRINGS_H
| # include <strings.h>
| #endif
| #if HAVE_INTTYPES_H
| # include <inttypes.h>
| #else
| # if HAVE_STDINT_H
| #  include <stdint.h>
| # endif
| #endif
| #if HAVE_UNISTD_H
| # include <unistd.h>
| #endif
| #include <windows.h>
configure:4672: result: no
configure:4676: checking windows.h presence
configure:4686: gcc -E  conftest.c
conftest.c:51:21: fatal error: windows.h: No such file or directory
 #include <windows.h>
                     ^
compilation terminated.
configure:4692: $? = 1
configure: failed program was:
| /* confdefs.h.  */
| 
| #define PACKAGE_NAME "Spread"
| #define PACKAGE_TARNAME "spread"
| #define PACKAGE_VERSION "4.4.0"
| #define PACKAGE_STRING "Spread 4.4.0"
| #define PACKAGE_BUGREPORT ""
| #define HAVE_LIBPTHREAD 1
| #define HAVE_PTHREAD_ATFORK 1
| #define HAVE_LIBNSL 1
| #define HAVE_LIBM 1
| #define HAVE_STRFTIME 1
| #define STDC_HEADERS 1
| #define HAVE_SYS_TYPES_H 1
| #define HAVE_SYS_STAT_H 1
| #define HAVE_STDLIB_H 1
| #define HAVE_STRING_H 1
| #define HAVE_MEMORY_H 1
| #define HAVE_STRINGS_H 1
| #define HAVE_INTTYPES_H 1
| #define HAVE_STDINT_H 1
| #define HAVE_UNISTD_H 1
| #define HAVE_ARPA_INET_H 1
| #define HAVE_ASSERT_H 1
| #define HAVE_ERRNO_H 1
| #define HAVE_GRP_H 1
| #define HAVE_LIMITS_H 1
| #define HAVE_NETDB_H 1
| #define HAVE_NETINET_IN_H 1
| #define HAVE_NETINET_TCP_H 1
| #define HAVE_PTHREAD_H 1
| #define HAVE_PWD_H 1
| #define HAVE_SIGNAL_H 1
| #define HAVE_STDARG_H 1
| #define HAVE_STDINT_H 1
| #define HAVE_STDIO_H 1
| #define HAVE_STDLIB_H 1
| #define HAVE_STRING_H 1
| #define HAVE_SYS_IOCTL_H 1
| #define HAVE_SYS_PARAM_H 1
| #define HAVE_SYS_SOCKET_H 1
| #define HAVE_SYS_STAT_H 1
| #define HAVE_SYS_TIME_H 1
| #define HAVE_SYS_TIMEB_H 1
| #define HAVE_SYS_TYPES_H 1
| #define HAVE_SYS_UIO_H 1
| #define HAVE_SYS_UN_H 1
| #define HAVE_TIME_H 1
| #define HAVE_UNISTD_H 1
| /* end confdefs.h.  */
| #include <windows.h>
configure:4712: result: no
configure:4747: checking for windows.h
configure:4754: result: no
configure:4631: checking winsock.h usability
configure:4643: gcc -c -g -O2 -Wall  conftest.c >&5
conftest.c:85:21: fatal error: winsock.h: No such file or directory
 #include <winsock.h>
                     ^
compilation terminated.
configure:4649: $? = 1
configure: failed program was:
| /* confdefs.h.  */
| 
| #define PACKAGE_NAME "Spread"
| #define PACKAGE_TARNAME "spread"
| #define PACKAGE_VERSION "4.4.0"
| #define PACKAGE_STRING "Spread 4.4.0"
| #define PACKAGE_BUGREPORT ""
| #define HAVE_LIBPTHREAD 1
| #define HAVE_PTHREAD_ATFORK 1
| #define HAVE_LIBNSL 1
| #define HAVE_LIBM 1
| #define HAVE_STRFTIME 1
| #define STDC_HEADERS 1
| #define HAVE_SYS_TYPES_H 1
| #define HAVE_SYS_STAT_H 1
| #define HAVE_STDLIB_H 1
| #define HAVE_STRING_H 1
| #define HAVE_MEMORY_H 1
| #define HAVE_STRINGS_H 1
| #define HAVE_INTTYPES_H 1
| #define HAVE_STDINT_H 1
| #define HAVE_UNISTD_H 1
| #define HAVE_ARPA_INET_H 1
| #define HAVE_ASSERT_H 1
| #define HAVE_ERRNO_H 1
| #define HAVE_GRP_H 1
| #define HAVE_LIMITS_H 1
| #define HAVE_NETDB_H 1
| #define HAVE_NETINET_IN_H 1
| #define HAVE_NETINET_TCP_H 1
| #define HAVE_PTHREAD_H 1
| #define HAVE_PWD_H 1
| #define HAVE_SIGNAL_H 1
| #define HAVE_STDARG_H 1
| #define HAVE_STDINT_H 1
| #define HAVE_STDIO_H 1
| #define HAVE_STDLIB_H 1
| #define HAVE_STRING_H 1
| #define HAVE_SYS_IOCTL_H 1
| #define HAVE_SYS_PARAM_H 1
| #define HAVE_SYS_SOCKET_H 1
| #define HAVE_SYS_STAT_H 1
| #define HAVE_SYS_TIME_H 1
| #define HAVE_SYS_TIMEB_H 1
| #define HAVE_SYS_TYPES_H 1
| #define HAVE_SYS_UIO_H 1
| #define HAVE_SYS_UN_H 1
| #define HAVE_TIME_H 1
| #define HAVE_UNISTD_H 1
| /* end confdefs.h.  */
| #include <stdio.h>
| #if HAVE_SYS_TYPES_H
| # include <sys/types.h>
| #endif
| #if HAVE_SYS_STAT_H
| # include <sys/stat.h>
| #endif
| #if STDC_HEADERS
| # include <stdlib.h>
| # include <stddef.h>
| #else
| # if HAVE_STDLIB_H
| #  include <stdlib.h>
| # endif
| #endif
| #if HAVE_STRING_H
| # if !STDC_HEADERS && HAVE_MEMORY_H
| #  include <memory.h>
| # endif
| # include <string.h>
| #endif
| #if HAVE_STRINGS_H
| # include <strings.h>
| #endif
| #if HAVE_INTTYPES_H
| # include <inttypes.h>
| #else
| # if HAVE_STDINT_H
| #  include <stdint.h>
| # endif
| #endif
| #if HAVE_UNISTD_H
| # include <unistd.h>
| #endif
| #include <winsock.h>
configure:4672: result: no
configure:4676: checking winsock.h presence
configure:4686: gcc -E  conftest.c
conftest.c:51:21: fatal error: winsock.h: No such file or directory
 #include <winsock.h>
                     ^
compilation terminated.
configure:4692: $? = 1
configure: failed program was:
| /* confdefs.h.  */
| 
| #define PACKAGE_NAME "Spread"
| #define PACKAGE_TARNAME "spread"
| #define PACKAGE_VERSION "4.4.0"
| #define PACKAGE_STRING "Spread 4.4.0"
| #define PACKAGE_BUGREPORT ""
| #define HAVE_LIBPTHREAD 1
| #define HAVE_PTHREAD_ATFORK 1
| #define HAVE_LIBNSL 1
| #define HAVE_LIBM 1
| #define HAVE_STRFTIME 1
| #define STDC_HEADERS 1
| #define HAVE_SYS_TYPES_H 1
| #define HAVE_SYS_STAT_H 1
| #define HAVE_STDLIB_H 1
| #define HAVE_STRING_H 1
| #define HAVE_MEMORY_H 1
| #define HAVE_STRINGS_H 1
| #define HAVE_INTTYPES_H 1
| #define HAVE_STDINT_H 1
| #define HAVE_UNISTD_H 1
| #define HAVE_ARPA_INET_H 1
| #define HAVE_ASSERT_H 1
| #define HAVE_ERRNO_H 1
| #define HAVE_GRP_H 1
| #define HAVE_LIMITS_H 1
| #define HAVE_NETDB_H 1
| #define HAVE_NETINET_IN_H 1
| #define HAVE_NETINET_TCP_H 1
| #define HAVE_PTHREAD_H 1
| #define HAVE_PWD_H 1
| #define HAVE_SIGNAL_H 1
| #define HAVE_STDARG_H 1
| #define HAVE_STDINT_H 1
| #define HAVE_STDIO_H 1
| #define HAVE_STDLIB_H 1
| #define HAVE_STRING_H 1
| #define HAVE_SYS_IOCTL_H 1
| #define HAVE_SYS_PARAM_H 1
| #define HAVE_SYS_SOCKET_H 1
| #define HAVE_SYS_STAT_H 1
| #define HAVE_SYS_TIME_H 1
| #define HAVE_SYS_TIMEB_H 1
| #define HAVE_SYS_TYPES_H 1
| #define HAVE_SYS_UIO_H 1
| #define HAVE_SYS_UN_H 1
| #define HAVE_TIME_H 1
| #define HAVE_UNISTD_H 1
| /* end confdefs.h.  */
| #include <winsock.h>
configure:4712: result: no
configure:4747: checking for winsock.h
configure:4754: result: no
configure:4780: checking for bcopy
configure:4837: gcc -o conftest -g -O2 -Wall   conftest.c -lm -lrt -lnsl  >&5
conftest.c:75:6: warning: conflicting types for built-in function 'bcopy' [enabled by default]
 char bcopy ();
      ^
configure:4843: $? = 0
configure:4847: test -z 
			 || test ! -s conftest.err
configure:4850: $? = 0
configure:4853: test -s conftest
configure:4856: $? = 0
configure:4868: result: yes
configure:4780: checking for inet_aton
configure:4837: gcc -o conftest -g -O2 -Wall   conftest.c -lm -lrt -lnsl  >&5
configure:4843: $? = 0
configure:4847: test -z 
			 || test ! -s conftest.err
configure:4850: $? = 0
configure:4853: test -s conftest
configure:4856: $? = 0
configure:4868: result: yes
configure:4780: checking for inet_ntoa
configure:4837: gcc -o conftest -g -O2 -Wall   conftest.c -lm -lrt -lnsl  >&5
configure:4843: $? = 0
configure:4847: test -z 
			 || test ! -s conftest.err
configure:4850: $? = 0
configure:4853: test -s conftest
configure:4856: $? = 0
configure:4868: result: yes
configure:4780: checking for inet_ntop
configure:4837: gcc -o conftest -g -O2 -Wall   conftest.c -lm -lrt -lnsl  >&5
configure:4843: $? = 0
configure:4847: test -z 
			 || test ! -s conftest.err
configure:4850: $? = 0
configure:4853: test -s conftest
configure:4856: $? = 0
configure:4868: result: yes
configure:4780: checking for memmove
configure:4837: gcc -o conftest -g -O2 -Wall   conftest.c -lm -lrt -lnsl  >&5
conftest.c:79:6: warning: conflicting types for built-in function 'memmove' [enabled by default]
 char memmove ();
      ^
configure:4843: $? = 0
configure:4847: test -z 
			 || test ! -s conftest.err
configure:4850: $? = 0
configure:4853: test -s conftest
configure:4856: $? = 0
configure:4868: result: yes
configure:4780: checking for setsid
configure:4837: gcc -o conftest -g -O2 -Wall   conftest.c -lm -lrt -lnsl  >&5
configure:4843: $? = 0
configure:4847: test -z 
			 || test ! -s conftest.err
configure:4850: $? = 0
configure:4853: test -s conftest
configure:4856: $? = 0
configure:4868: result: yes
configure:4780: checking for snprintf
configure:4837: gcc -o conftest -g -O2 -Wall   conftest.c -lm -lrt -lnsl  >&5
conftest.c:81:6: warning: conflicting types for built-in function 'snprintf' [enabled by default]
 char snprintf ();
      ^
configure:4843: $? = 0
configure:4847: test -z 
			 || test ! -s conftest.err
configure:4850: $? = 0
configure:4853: test -s conftest
configure:4856: $? = 0
configure:4868: result: yes
configure:4780: checking for strerror
configure:4837: gcc -o conftest -g -O2 -Wall   conftest.c -lm -lrt -lnsl  >&5
configure:4843: $? = 0
configure:4847: test -z 
			 || test ! -s conftest.err
configure:4850: $? = 0
configure:4853: test -s conftest
configure:4856: $? = 0
configure:4868: result: yes
configure:4780: checking for lrand48
configure:4837: gcc -o conftest -g -O2 -Wall   conftest.c -lm -lrt -lnsl  >&5
configure:4843: $? = 0
configure:4847: test -z 
			 || test ! -s conftest.err
configure:4850: $? = 0
configure:4853: test -s conftest
configure:4856: $? = 0
configure:4868: result: yes
configure:4883: checking for gettimeofday
configure:4940: gcc -o conftest -g -O2 -Wall   conftest.c -lm -lrt -lnsl  >&5
configure:4946: $? = 0
configure:4950: test -z 
			 || test ! -s conftest.err
configure:4953: $? = 0
configure:4956: test -s conftest
configure:4959: $? = 0
configure:4971: result: yes
configure:4883: checking for time
configure:4940: gcc -o conftest -g -O2 -Wall   conftest.c -lm -lrt -lnsl  >&5
configure:4946: $? = 0
configure:4950: test -z 
			 || test ! -s conftest.err
configure:4953: $? = 0
configure:4956: test -s conftest
configure:4959: $? = 0
configure:4971: result: yes
configure:4983: checking for clock_gettime(CLOCK_MONOTONIC)
configure:5006: gcc -o conftest -g -O2 -Wall   conftest.c -lm -lrt -lnsl  >&5
configure:5009: $? = 0
configure:5011: ./conftest
configure:5014: $? = 0
configure:5030: result: yes
configure:5042: checking whether snprintf correctly terminates long strings
configure:5063: gcc -o conftest -g -O2 -Wall   conftest.c -lm -lrt -lnsl  >&5
configure:5066: $? = 0
configure:5068: ./conftest
configure:5071: $? = 0
configure:5073: result: yes
configure:5104: checking for char
configure:5128: gcc -c -g -O2 -Wall  conftest.c >&5
configure:5134: $? = 0
configure:5138: test -z 
			 || test ! -s conftest.err
configure:5141: $? = 0
configure:5144: test -s conftest.o
configure:5147: $? = 0
configure:5158: result: yes
configure:5161: checking size of char
configure:5480: gcc -o conftest -g -O2 -Wall   conftest.c -lm -lrt -lnsl  >&5
configure:5483: $? = 0
configure:5485: ./conftest
configure:5488: $? = 0
configure:5511: result: 1
configure:5518: checking for short int
configure:5542: gcc -c -g -O2 -Wall  conftest.c >&5
configure:5548: $? = 0
configure:5552: test -z 
			 || test ! -s conftest.err
configure:5555: $? = 0
configure:5558: test -s conftest.o
configure:5561: $? = 0
configure:5572: result: yes
configure:5575: checking size of short int
configure:5894: gcc -o conftest -g -O2 -Wall   conftest.c -lm -lrt -lnsl  >&5
configure:5897: $? = 0
configure:5899: ./conftest
configure:5902: $? = 0
configure:5925: result: 2
configure:5932: checking for int
configure:5956: gcc -c -g -O2 -Wall  conftest.c >&5
configure:5962: $? = 0
configure:5966: test -z 
			 || test ! -s conftest.err
configure:5969: $? = 0
configure:5972: test -s conftest.o
configure:5975: $? = 0
configure:5986: result: yes
configure:5989: checking size of int
configure:6308: gcc -o conftest -g -O2 -Wall   conftest.c -lm -lrt -lnsl  >&5
configure:6311: $? = 0
configure:6313: ./conftest
configure:6316: $? = 0
configure:6339: result: 4
configure:6346: checking for long int
configure:6370: gcc -c -g -O2 -Wall  conftest.c >&5
configure:6376: $? = 0
configure:6380: test -z 
			 || test ! -s conftest.err
configure:6383: $? = 0
configure:6386: test -s conftest.o
configure:6389: $? = 0
configure:6400: result: yes
configure:6403: checking size of long int
configure:6722: gcc -o conftest -g -O2 -Wall   conftest.c -lm -lrt -lnsl  >&5
configure:6725: $? = 0
configure:6727: ./conftest
configure:6730: $? = 0
configure:6753: result: 8
configure:6760: checking for long long int
configure:6784: gcc -c -g -O2 -Wall  conftest.c >&5
configure:6790: $? = 0
configure:6794: test -z 
			 || test ! -s conftest.err
configure:6797: $? = 0
configure:6800: test -s conftest.o
configure:6803: $? = 0
configure:6814: result: yes
configure:6817: checking size of long long int
configure:7136: gcc -o conftest -g -O2 -Wall   conftest.c -lm -lrt -lnsl  >&5
configure:7139: $? = 0
configure:7141: ./conftest
configure:7144: $? = 0
configure:7167: result: 8
configure:7176: checking for windows arch
configure:7198: gcc -c -g -O2 -Wall  conftest.c >&5
conftest.c:68:22: fatal error: process.h: No such file or directory
  #include <process.h>
                      ^
compilation terminated.
configure:7204: $? = 1
configure: failed program was:
| /* confdefs.h.  */
| 
| #define PACKAGE_NAME "Spread"
| #define PACKAGE_TARNAME "spread"
| #define PACKAGE_VERSION "4.4.0"
| #define PACKAGE_STRING "Spread 4.4.0"
| #define PACKAGE_BUGREPORT ""
| #define HAVE_LIBPTHREAD 1
| #define HAVE_PTHREAD_ATFORK 1
| #define HAVE_LIBNSL 1
| #define HAVE_LIBM 1
| #define HAVE_STRFTIME 1
| #define STDC_HEADERS 1
| #define HAVE_SYS_TYPES_H 1
| #define HAVE_SYS_STAT_H 1
| #define HAVE_STDLIB_H 1
| #define HAVE_STRING_H 1
| #define HAVE_MEMORY_H 1
| #define HAVE_STRINGS_H 1
| #define HAVE_INTTYPES_H 1
| #define HAVE_STDINT_H 1
| #define HAVE_UNISTD_H 1
| #define HAVE_ARPA_INET_H 1
| #define HAVE_ASSERT_H 1
| #define HAVE_ERRNO_H 1
| #define HAVE_GRP_H 1
| #define HAVE_LIMITS_H 1
| #define HAVE_NETDB_H 1
| #define HAVE_NETINET_IN_H 1
| #define HAVE_NETINET_TCP_H 1
| #define HAVE_PTHREAD_H 1
| #define HAVE_PWD_H 1
| #define HAVE_SIGNAL_H 1
| #define HAVE_STDARG_H 1
| #define HAVE_STDINT_H 1
| #define HAVE_STDIO_H 1
| #define HAVE_STDLIB_H 1
| #define HAVE_STRING_H 1
| #define HAVE_SYS_IOCTL_H 1
| #define HAVE_SYS_PARAM_H 1
| #define HAVE_SYS_SOCKET_H 1
| #define HAVE_SYS_STAT_H 1
| #define HAVE_SYS_TIME_H 1
| #define HAVE_SYS_TIMEB_H 1
| #define HAVE_SYS_TYPES_H 1
| #define HAVE_SYS_UIO_H 1
| #define HAVE_SYS_UN_H 1
| #define HAVE_TIME_H 1
| #define HAVE_UNISTD_H 1
| #define HAVE_BCOPY 1
| #define HAVE_INET_ATON 1
| #define HAVE_INET_NTOA 1
| #define HAVE_INET_NTOP 1
| #define HAVE_MEMMOVE 1
| #define HAVE_SETSID 1
| #define HAVE_SNPRINTF 1
| #define HAVE_STRERROR 1
| #define HAVE_LRAND48 1
| #define HAVE_GETTIMEOFDAY 1
| #define HAVE_TIME 1
| #define HAVE_CLOCK_GETTIME_CLOCK_MONOTONIC 1
| #define SIZEOF_CHAR 1
| #define SIZEOF_SHORT_INT 2
| #define SIZEOF_INT 4
| #define SIZEOF_LONG_INT 8
| #define SIZEOF_LONG_LONG_INT 8
| /* end confdefs.h.  */
|  #include <process.h>
| int
| main ()
| {
|  CRITICAL_SECTION mutex; InitializeCriticalSection(mutex);
|   ;
|   return 0;
| }
configure:7230: result: no
configure:7240: checking for struct timezone type
configure:7264: gcc -c -g -O2 -Wall  conftest.c >&5
conftest.c: In function 'main':
conftest.c:74:18: warning: unused variable 'opt' [-Wunused-variable]
  struct timezone opt;
                  ^
configure:7270: $? = 0
configure:7274: test -z 
			 || test ! -s conftest.err
configure:7277: $? = 0
configure:7280: test -s conftest.o
configure:7283: $? = 0
configure:7296: result: yes
configure:7306: checking for struct sockopt_len_t type
configure:7329: gcc -c -g -O2 -Wall  conftest.c >&5
conftest.c: In function 'main':
conftest.c:74:2: error: unknown type name 'sockopt_len_t'
  static sockopt_len_t opt; opt=0;
  ^
conftest.c:74:23: warning: variable 'opt' set but not used [-Wunused-but-set-variable]
  static sockopt_len_t opt; opt=0;
                       ^
configure:7335: $? = 1
configure: failed program was:
| /* confdefs.h.  */
| 
| #define PACKAGE_NAME "Spread"
| #define PACKAGE_TARNAME "spread"
| #define PACKAGE_VERSION "4.4.0"
| #define PACKAGE_STRING "Spread 4.4.0"
| #define PACKAGE_BUGREPORT ""
| #define HAVE_LIBPTHREAD 1
| #define HAVE_PTHREAD_ATFORK 1
| #define HAVE_LIBNSL 1
| #define HAVE_LIBM 1
| #define HAVE_STRFTIME 1
| #define STDC_HEADERS 1
| #define HAVE_SYS_TYPES_H 1
| #define HAVE_SYS_STAT_H 1
| #define HAVE_STDLIB_H 1
| #define HAVE_STRING_H 1
| #define HAVE_MEMORY_H 1
| #define HAVE_STRINGS_H 1
| #define HAVE_INTTYPES_H 1
| #define HAVE_STDINT_H 1
| #define HAVE_UNISTD_H 1
| #define HAVE_ARPA_INET_H 1
| #define HAVE_ASSERT_H 1
| #define HAVE_ERRNO_H 1
| #define HAVE_GRP_H 1
| #define HAVE_LIMITS_H 1
| #define HAVE_NETDB_H 1
| #define HAVE_NETINET_IN_H 1
| #define HAVE_NETINET_TCP_H 1
| #define HAVE_PTHREAD_H 1
| #define HAVE_PWD_H 1
| #define HAVE_SIGNAL_H 1
| #define HAVE_STDARG_H 1
| #define HAVE_STDINT_H 1
| #define HAVE_STDIO_H 1
| #define HAVE_STDLIB_H 1
| #define HAVE_STRING_H 1
| #define HAVE_SYS_IOCTL_H 1
| #define HAVE_SYS_PARAM_H 1
| #define HAVE_SYS_SOCKET_H 1
| #define HAVE_SYS_STAT_H 1
| #define HAVE_SYS_TIME_H 1
| #define HAVE_SYS_TIMEB_H 1
| #define HAVE_SYS_TYPES_H 1
| #define HAVE_SYS_UIO_H 1
| #define HAVE_SYS_UN_H 1
| #define HAVE_TIME_H 1
| #define HAVE_UNISTD_H 1
| #define HAVE_BCOPY 1
| #define HAVE_INET_ATON 1
| #define HAVE_INET_NTOA 1
| #define HAVE_INET_NTOP 1
| #define HAVE_MEMMOVE 1
| #define HAVE_SETSID 1
| #define HAVE_SNPRINTF 1
| #define HAVE_STRERROR 1
| #define HAVE_LRAND48 1
| #define HAVE_GETTIMEOFDAY 1
| #define HAVE_TIME 1
| #define HAVE_CLOCK_GETTIME_CLOCK_MONOTONIC 1
| #define SIZEOF_CHAR 1
| #define SIZEOF_SHORT_INT 2
| #define SIZEOF_INT 4
| #define SIZEOF_LONG_INT 8
| #define SIZEOF_LONG_LONG_INT 8
| #define HAVE_STRUCT_TIMEZONE 1
| /* end confdefs.h.  */
|  #include <sys/types.h>
| 		  #include <sys/socket.h>
| int
| main ()
| {
|  static sockopt_len_t opt; opt=0;
|   ;
|   return 0;
| }
configure:7361: result: no
configure:7371: checking for struct msghdr type
configure:7394: gcc -c -g -O2 -Wall  conftest.c >&5
conftest.c: In function 'main':
conftest.c:74:25: warning: variable 'msg' set but not used [-Wunused-but-set-variable]
  static  struct  msghdr msg; msg.msg_namelen = 1;
                         ^
configure:7400: $? = 0
configure:7404: test -z 
			 || test ! -s conftest.err
configure:7407: $? = 0
configure:7410: test -s conftest.o
configure:7413: $? = 0
configure:7426: result: yes
configure:7436: checking for struct msghdr control
configure:7459: gcc -c -g -O2 -Wall  conftest.c >&5
conftest.c: In function 'main':
conftest.c:74:25: warning: variable 'msg' set but not used [-Wunused-but-set-variable]
  static  struct  msghdr msg; msg.msg_controllen = 0;
                         ^
configure:7465: $? = 0
configure:7469: test -z 
			 || test ! -s conftest.err
configure:7472: $? = 0
configure:7475: test -s conftest.o
configure:7478: $? = 0
configure:7491: result: yes
configure:7576: checking for u_int type
configure:7598: gcc -c -g -O2 -Wall  conftest.c >&5
conftest.c: In function 'main':
conftest.c:74:8: warning: variable 'a' set but not used [-Wunused-but-set-variable]
  u_int a; a = 1;
        ^
configure:7604: $? = 0
configure:7608: test -z 
			 || test ! -s conftest.err
configure:7611: $? = 0
configure:7614: test -s conftest.o
configure:7617: $? = 0
configure:7630: result: yes
configure:7641: checking for intXX_t types
configure:7663: gcc -c -g -O2 -Wall  conftest.c >&5
conftest.c: In function 'main':
conftest.c:75:9: warning: variable 'a' set but not used [-Wunused-but-set-variable]
  int8_t a; int16_t b; int32_t c; a = b = c = 1;
         ^
configure:7669: $? = 0
configure:7673: test -z 
			 || test ! -s conftest.err
configure:7676: $? = 0
configure:7679: test -s conftest.o
configure:7682: $? = 0
configure:7695: result: yes
configure:7706: checking for int64_t type
configure:7728: gcc -c -g -O2 -Wall  conftest.c >&5
conftest.c: In function 'main':
conftest.c:76:10: warning: variable 'a' set but not used [-Wunused-but-set-variable]
  int64_t a; a = 1;
          ^
configure:7734: $? = 0
configure:7738: test -z 
			 || test ! -s conftest.err
configure:7741: $? = 0
configure:7744: test -s conftest.o
configure:7747: $? = 0
configure:7760: result: yes
configure:7771: checking for u_intXX_t types
configure:7793: gcc -c -g -O2 -Wall  conftest.c >&5
conftest.c: In function 'main':
conftest.c:77:11: warning: variable 'a' set but not used [-Wunused-but-set-variable]
  u_int8_t a; u_int16_t b; u_int32_t c; a = b = c = 1;
           ^
configure:7799: $? = 0
configure:7803: test -z 
			 || test ! -s conftest.err
configure:7806: $? = 0
configure:7809: test -s conftest.o
configure:7812: $? = 0
configure:7825: result: yes
configure:7836: checking for u_int64_t types
configure:7858: gcc -c -g -O2 -Wall  conftest.c >&5
conftest.c: In function 'main':
conftest.c:78:12: warning: variable 'a' set but not used [-Wunused-but-set-variable]
  u_int64_t a; a = 1;
            ^
configure:7864: $? = 0
configure:7868: test -z 
			 || test ! -s conftest.err
configure:7871: $? = 0
configure:7874: test -s conftest.o
configure:7877: $? = 0
configure:7890: result: yes
configure:8040: checking for socklen_t
configure:8065: gcc -c -g -O2 -Wall  conftest.c >&5
conftest.c: In function 'main':
conftest.c:82:11: warning: variable 'foo' set but not used [-Wunused-but-set-variable]
 socklen_t foo; foo = 1235;
           ^
configure:8071: $? = 0
configure:8075: test -z 
			 || test ! -s conftest.err
configure:8078: $? = 0
configure:8081: test -s conftest.o
configure:8084: $? = 0
configure:8097: result: yes
configure:8107: checking for size_t
configure:8131: gcc -c -g -O2 -Wall  conftest.c >&5
conftest.c: In function 'main':
conftest.c:82:9: warning: variable 'foo' set but not used [-Wunused-but-set-variable]
  size_t foo; foo = 1235;
         ^
configure:8137: $? = 0
configure:8141: test -z 
			 || test ! -s conftest.err
configure:8144: $? = 0
configure:8147: test -s conftest.o
configure:8150: $? = 0
configure:8163: result: yes
configure:8173: checking for ssize_t
configure:8197: gcc -c -g -O2 -Wall  conftest.c >&5
conftest.c: In function 'main':
conftest.c:83:10: warning: variable 'foo' set but not used [-Wunused-but-set-variable]
  ssize_t foo; foo = 1235;
          ^
configure:8203: $? = 0
configure:8207: test -z 
			 || test ! -s conftest.err
configure:8210: $? = 0
configure:8213: test -s conftest.o
configure:8216: $? = 0
configure:8229: result: yes
configure:8239: checking for clock_t
configure:8263: gcc -c -g -O2 -Wall  conftest.c >&5
conftest.c: In function 'main':
conftest.c:84:10: warning: variable 'foo' set but not used [-Wunused-but-set-variable]
  clock_t foo; foo = 1235;
          ^
configure:8269: $? = 0
configure:8273: test -z 
			 || test ! -s conftest.err
configure:8276: $? = 0
configure:8279: test -s conftest.o
configure:8282: $? = 0
configure:8295: result: yes
configure:8305: checking for sa_family_t
configure:8330: gcc -c -g -O2 -Wall  conftest.c >&5
conftest.c: In function 'main':
conftest.c:86:14: warning: variable 'foo' set but not used [-Wunused-but-set-variable]
  sa_family_t foo; foo = 1235;
              ^
configure:8336: $? = 0
configure:8340: test -z 
			 || test ! -s conftest.err
configure:8343: $? = 0
configure:8346: test -s conftest.o
configure:8349: $? = 0
configure:8411: result: yes
configure:8422: checking for struct sockaddr_storage
configure:8447: gcc -c -g -O2 -Wall  conftest.c >&5
conftest.c: In function 'main':
conftest.c:87:26: warning: unused variable 's' [-Wunused-variable]
  struct sockaddr_storage s;
                          ^
configure:8453: $? = 0
configure:8457: test -z 
			 || test ! -s conftest.err
configure:8460: $? = 0
configure:8463: test -s conftest.o
configure:8466: $? = 0
configure:8479: result: yes
configure:8489: checking for struct sockaddr_in6
configure:8514: gcc -c -g -O2 -Wall  conftest.c >&5
conftest.c: In function 'main':
conftest.c:88:22: warning: variable 's' set but not used [-Wunused-but-set-variable]
  struct sockaddr_in6 s; s.sin6_family = 0;
                      ^
configure:8520: $? = 0
configure:8524: test -z 
			 || test ! -s conftest.err
configure:8527: $? = 0
configure:8530: test -s conftest.o
configure:8533: $? = 0
configure:8546: result: yes
configure:8556: checking for struct in6_addr
configure:8581: gcc -c -g -O2 -Wall  conftest.c >&5
conftest.c: In function 'main':
conftest.c:89:18: warning: variable 's' set but not used [-Wunused-but-set-variable]
  struct in6_addr s; s.s6_addr[0] = 0;
                  ^
configure:8587: $? = 0
configure:8591: test -z 
			 || test ! -s conftest.err
configure:8594: $? = 0
configure:8597: test -s conftest.o
configure:8600: $? = 0
configure:8613: result: yes
configure:8623: checking for struct addrinfo
configure:8649: gcc -c -g -O2 -Wall  conftest.c >&5
conftest.c: In function 'main':
conftest.c:91:18: warning: variable 's' set but not used [-Wunused-but-set-variable]
  struct addrinfo s; s.ai_flags = AI_PASSIVE;
                  ^
configure:8655: $? = 0
configure:8659: test -z 
			 || test ! -s conftest.err
configure:8662: $? = 0
configure:8665: test -s conftest.o
configure:8668: $? = 0
configure:8681: result: yes
configure:8691: checking for struct timeval
configure:8713: gcc -c -g -O2 -Wall  conftest.c >&5
conftest.c: In function 'main':
conftest.c:88:17: warning: variable 'tv' set but not used [-Wunused-but-set-variable]
  struct timeval tv; tv.tv_sec = 1;
                 ^
configure:8719: $? = 0
configure:8723: test -z 
			 || test ! -s conftest.err
configure:8726: $? = 0
configure:8729: test -s conftest.o
configure:8732: $? = 0
configure:8745: result: yes
configure:8756: checking for sun_len field in struct sockaddr_un
configure:8781: gcc -c -g -O2 -Wall  conftest.c >&5
conftest.c: In function 'main':
conftest.c:92:21: error: storage size of 's' isn't known
  struct sockaddr_un s; s.sun_len = 1;
                     ^
conftest.c:92:21: warning: unused variable 's' [-Wunused-variable]
configure:8787: $? = 1
configure: failed program was:
| /* confdefs.h.  */
| 
| #define PACKAGE_NAME "Spread"
| #define PACKAGE_TARNAME "spread"
| #define PACKAGE_VERSION "4.4.0"
| #define PACKAGE_STRING "Spread 4.4.0"
| #define PACKAGE_BUGREPORT ""
| #define HAVE_LIBPTHREAD 1
| #define HAVE_PTHREAD_ATFORK 1
| #define HAVE_LIBNSL 1
| #define HAVE_LIBM 1
| #define HAVE_STRFTIME 1
| #define STDC_HEADERS 1
| #define HAVE_SYS_TYPES_H 1
| #define HAVE_SYS_STAT_H 1
| #define HAVE_STDLIB_H 1
| #define HAVE_STRING_H 1
| #define HAVE_MEMORY_H 1
| #define HAVE_STRINGS_H 1
| #define HAVE_INTTYPES_H 1
| #define HAVE_STDINT_H 1
| #define HAVE_UNISTD_H 1
| #define HAVE_ARPA_INET_H 1
| #define HAVE_ASSERT_H 1
| #define HAVE_ERRNO_H 1
| #define HAVE_GRP_H 1
| #define HAVE_LIMITS_H 1
| #define HAVE_NETDB_H 1
| #define HAVE_NETINET_IN_H 1
| #define HAVE_NETINET_TCP_H 1
| #define HAVE_PTHREAD_H 1
| #define HAVE_PWD_H 1
| #define HAVE_SIGNAL_H 1
| #define HAVE_STDARG_H 1
| #define HAVE_STDINT_H 1
| #define HAVE_STDIO_H 1
| #define HAVE_STDLIB_H 1
| #define HAVE_STRING_H 1
| #define HAVE_SYS_IOCTL_H 1
| #define HAVE_SYS_PARAM_H 1
| #define HAVE_SYS_SOCKET_H 1
| #define HAVE_SYS_STAT_H 1
| #define HAVE_SYS_TIME_H 1
| #define HAVE_SYS_TIMEB_H 1
| #define HAVE_SYS_TYPES_H 1
| #define HAVE_SYS_UIO_H 1
| #define HAVE_SYS_UN_H 1
| #define HAVE_TIME_H 1
| #define HAVE_UNISTD_H 1
| #define HAVE_BCOPY 1
| #define HAVE_INET_ATON 1
| #define HAVE_INET_NTOA 1
| #define HAVE_INET_NTOP 1
| #define HAVE_MEMMOVE 1
| #define HAVE_SETSID 1
| #define HAVE_SNPRINTF 1
| #define HAVE_STRERROR 1
| #define HAVE_LRAND48 1
| #define HAVE_GETTIMEOFDAY 1
| #define HAVE_TIME 1
| #define HAVE_CLOCK_GETTIME_CLOCK_MONOTONIC 1
| #define SIZEOF_CHAR 1
| #define SIZEOF_SHORT_INT 2
| #define SIZEOF_INT 4
| #define SIZEOF_LONG_INT 8
| #define SIZEOF_LONG_LONG_INT 8
| #define HAVE_STRUCT_TIMEZONE 1
| #define ARCH_SCATTER_CONTROL 1
| #define HAVE_U_INT 1
| #define HAVE_INTXX_T 1
| #define HAVE_INT64_T 1
| #define HAVE_U_INTXX_T 1
| #define HAVE_U_INT64_T 1
| #define HAVE_SOCKLEN_T 1
| #define HAVE_SIZE_T 1
| #define HAVE_SSIZE_T 1
| #define HAVE_CLOCK_T 1
| #define HAVE_SA_FAMILY_T 1
| #define HAVE_STRUCT_SOCKADDR_STORAGE 1
| #define HAVE_STRUCT_SOCKADDR_IN6 1
| #define HAVE_STRUCT_IN6_ADDR 1
| #define HAVE_STRUCT_ADDRINFO 1
| #define HAVE_STRUCT_TIMEVAL 1
| /* end confdefs.h.  */
| 
| #include <sys/types.h>
| #include <sys/socket.h>
| 
| int
| main ()
| {
|  struct sockaddr_un s; s.sun_len = 1;
|   ;
|   return 0;
| }
configure:8812: result: no
configure:8822: checking for sin_len field in sockaddr_in
configure:8848: gcc -c -g -O2 -Wall  conftest.c >&5
conftest.c: In function 'main':
conftest.c:93:25: error: 'struct sockaddr_in' has no member named 'sin_len'
  struct sockaddr_in s; s.sin_len = sizeof(s);
                         ^
configure:8854: $? = 1
configure: failed program was:
| /* confdefs.h.  */
| 
| #define PACKAGE_NAME "Spread"
| #define PACKAGE_TARNAME "spread"
| #define PACKAGE_VERSION "4.4.0"
| #define PACKAGE_STRING "Spread 4.4.0"
| #define PACKAGE_BUGREPORT ""
| #define HAVE_LIBPTHREAD 1
| #define HAVE_PTHREAD_ATFORK 1
| #define HAVE_LIBNSL 1
| #define HAVE_LIBM 1
| #define HAVE_STRFTIME 1
| #define STDC_HEADERS 1
| #define HAVE_SYS_TYPES_H 1
| #define HAVE_SYS_STAT_H 1
| #define HAVE_STDLIB_H 1
| #define HAVE_STRING_H 1
| #define HAVE_MEMORY_H 1
| #define HAVE_STRINGS_H 1
| #define HAVE_INTTYPES_H 1
| #define HAVE_STDINT_H 1
| #define HAVE_UNISTD_H 1
| #define HAVE_ARPA_INET_H 1
| #define HAVE_ASSERT_H 1
| #define HAVE_ERRNO_H 1
| #define HAVE_GRP_H 1
| #define HAVE_LIMITS_H 1
| #define HAVE_NETDB_H 1
| #define HAVE_NETINET_IN_H 1
| #define HAVE_NETINET_TCP_H 1
| #define HAVE_PTHREAD_H 1
| #define HAVE_PWD_H 1
| #define HAVE_SIGNAL_H 1
| #define HAVE_STDARG_H 1
| #define HAVE_STDINT_H 1
| #define HAVE_STDIO_H 1
| #define HAVE_STDLIB_H 1
| #define HAVE_STRING_H 1
| #define HAVE_SYS_IOCTL_H 1
| #define HAVE_SYS_PARAM_H 1
| #define HAVE_SYS_SOCKET_H 1
| #define HAVE_SYS_STAT_H 1
| #define HAVE_SYS_TIME_H 1
| #define HAVE_SYS_TIMEB_H 1
| #define HAVE_SYS_TYPES_H 1
| #define HAVE_SYS_UIO_H 1
| #define HAVE_SYS_UN_H 1
| #define HAVE_TIME_H 1
| #define HAVE_UNISTD_H 1
| #define HAVE_BCOPY 1
| #define HAVE_INET_ATON 1
| #define HAVE_INET_NTOA 1
| #define HAVE_INET_NTOP 1
| #define HAVE_MEMMOVE 1
| #define HAVE_SETSID 1
| #define HAVE_SNPRINTF 1
| #define HAVE_STRERROR 1
| #define HAVE_LRAND48 1
| #define HAVE_GETTIMEOFDAY 1
| #define HAVE_TIME 1
| #define HAVE_CLOCK_GETTIME_CLOCK_MONOTONIC 1
| #define SIZEOF_CHAR 1
| #define SIZEOF_SHORT_INT 2
| #define SIZEOF_INT 4
| #define SIZEOF_LONG_INT 8
| #define SIZEOF_LONG_LONG_INT 8
| #define HAVE_STRUCT_TIMEZONE 1
| #define ARCH_SCATTER_CONTROL 1
| #define HAVE_U_INT 1
| #define HAVE_INTXX_T 1
| #define HAVE_INT64_T 1
| #define HAVE_U_INTXX_T 1
| #define HAVE_U_INT64_T 1
| #define HAVE_SOCKLEN_T 1
| #define HAVE_SIZE_T 1
| #define HAVE_SSIZE_T 1
| #define HAVE_CLOCK_T 1
| #define HAVE_SA_FAMILY_T 1
| #define HAVE_STRUCT_SOCKADDR_STORAGE 1
| #define HAVE_STRUCT_SOCKADDR_IN6 1
| #define HAVE_STRUCT_IN6_ADDR 1
| #define HAVE_STRUCT_ADDRINFO 1
| #define HAVE_STRUCT_TIMEVAL 1
| /* end confdefs.h.  */
| 
| #include <sys/types.h>
| #include <sys/socket.h>
| #include <netinet/in.h>
| 
| int
| main ()
| {
|  struct sockaddr_in s; s.sin_len = sizeof(s);
|   ;
|   return 0;
| }
configure:8879: result: no
configure:8889: checking for ss_family field in struct sockaddr_storage
configure:8914: gcc -c -g -O2 -Wall  conftest.c >&5
conftest.c: In function 'main':
conftest.c:92:26: warning: variable 's' set but not used [-Wunused-but-set-variable]
  struct sockaddr_storage s; s.ss_family = 1;
                          ^
configure:8920: $? = 0
configure:8924: test -z 
			 || test ! -s conftest.err
configure:8927: $? = 0
configure:8930: test -s conftest.o
configure:8933: $? = 0
configure:8945: result: yes
configure:8955: checking for __ss_family field in struct sockaddr_storage
configure:8980: gcc -c -g -O2 -Wall  conftest.c >&5
conftest.c: In function 'main':
conftest.c:93:30: error: 'struct sockaddr_storage' has no member named '__ss_family'
  struct sockaddr_storage s; s.__ss_family = 1;
                              ^
conftest.c:93:26: warning: variable 's' set but not used [-Wunused-but-set-variable]
  struct sockaddr_storage s; s.__ss_family = 1;
                          ^
configure:8986: $? = 1
configure: failed program was:
| /* confdefs.h.  */
| 
| #define PACKAGE_NAME "Spread"
| #define PACKAGE_TARNAME "spread"
| #define PACKAGE_VERSION "4.4.0"
| #define PACKAGE_STRING "Spread 4.4.0"
| #define PACKAGE_BUGREPORT ""
| #define HAVE_LIBPTHREAD 1
| #define HAVE_PTHREAD_ATFORK 1
| #define HAVE_LIBNSL 1
| #define HAVE_LIBM 1
| #define HAVE_STRFTIME 1
| #define STDC_HEADERS 1
| #define HAVE_SYS_TYPES_H 1
| #define HAVE_SYS_STAT_H 1
| #define HAVE_STDLIB_H 1
| #define HAVE_STRING_H 1
| #define HAVE_MEMORY_H 1
| #define HAVE_STRINGS_H 1
| #define HAVE_INTTYPES_H 1
| #define HAVE_STDINT_H 1
| #define HAVE_UNISTD_H 1
| #define HAVE_ARPA_INET_H 1
| #define HAVE_ASSERT_H 1
| #define HAVE_ERRNO_H 1
| #define HAVE_GRP_H 1
| #define HAVE_LIMITS_H 1
| #define HAVE_NETDB_H 1
| #define HAVE_NETINET_IN_H 1
| #define HAVE_NETINET_TCP_H 1
| #define HAVE_PTHREAD_H 1
| #define HAVE_PWD_H 1
| #define HAVE_SIGNAL_H 1
| #define HAVE_STDARG_H 1
| #define HAVE_STDINT_H 1
| #define HAVE_STDIO_H 1
| #define HAVE_STDLIB_H 1
| #define HAVE_STRING_H 1
| #define HAVE_SYS_IOCTL_H 1
| #define HAVE_SYS_PARAM_H 1
| #define HAVE_SYS_SOCKET_H 1
| #define HAVE_SYS_STAT_H 1
| #define HAVE_SYS_TIME_H 1
| #define HAVE_SYS_TIMEB_H 1
| #define HAVE_SYS_TYPES_H 1
| #define HAVE_SYS_UIO_H 1
| #define HAVE_SYS_UN_H 1
| #define HAVE_TIME_H 1
| #define HAVE_UNISTD_H 1
| #define HAVE_BCOPY 1
| #define HAVE_INET_ATON 1
| #define HAVE_INET_NTOA 1
| #define HAVE_INET_NTOP 1
| #define HAVE_MEMMOVE 1
| #define HAVE_SETSID 1
| #define HAVE_SNPRINTF 1
| #define HAVE_STRERROR 1
| #define HAVE_LRAND48 1
| #define HAVE_GETTIMEOFDAY 1
| #define HAVE_TIME 1
| #define HAVE_CLOCK_GETTIME_CLOCK_MONOTONIC 1
| #define SIZEOF_CHAR 1
| #define SIZEOF_SHORT_INT 2
| #define SIZEOF_INT 4
| #define SIZEOF_LONG_INT 8
| #define SIZEOF_LONG_LONG_INT 8
| #define HAVE_STRUCT_TIMEZONE 1
| #define ARCH_SCATTER_CONTROL 1
| #define HAVE_U_INT 1
| #define HAVE_INTXX_T 1
| #define HAVE_INT64_T 1
| #define HAVE_U_INTXX_T 1
| #define HAVE_U_INT64_T 1
| #define HAVE_SOCKLEN_T 1
| #define HAVE_SIZE_T 1
| #define HAVE_SSIZE_T 1
| #define HAVE_CLOCK_T 1
| #define HAVE_SA_FAMILY_T 1
| #define HAVE_STRUCT_SOCKADDR_STORAGE 1
| #define HAVE_STRUCT_SOCKADDR_IN6 1
| #define HAVE_STRUCT_IN6_ADDR 1
| #define HAVE_STRUCT_ADDRINFO 1
| #define HAVE_STRUCT_TIMEVAL 1
| #define HAVE_SS_FAMILY_IN_SS 1
| /* end confdefs.h.  */
| 
| #include <sys/types.h>
| #include <sys/socket.h>
| 
| int
| main ()
| {
|  struct sockaddr_storage s; s.__ss_family = 1;
|   ;
|   return 0;
| }
configure:9012: result: no
configure:9022: checking for pid_t
configure:9046: gcc -c -g -O2 -Wall  conftest.c >&5
conftest.c: In function 'main':
conftest.c:92:8: warning: variable 'foo' set but not used [-Wunused-but-set-variable]
  pid_t foo; foo = 1235;
        ^
configure:9052: $? = 0
configure:9056: test -z 
			 || test ! -s conftest.err
configure:9059: $? = 0
configure:9062: test -s conftest.o
configure:9065: $? = 0
configure:9078: result: yes
configure:9088: checking if libc defines __progname
configure:9110: gcc -o conftest -g -O2 -Wall   conftest.c -lm -lrt -lnsl  >&5
conftest.c: In function 'main':
conftest.c:91:2: warning: implicit declaration of function 'printf' [-Wimplicit-function-declaration]
  extern char *__progname; printf("%s", __progname);
  ^
conftest.c:91:27: warning: incompatible implicit declaration of built-in function 'printf' [enabled by default]
  extern char *__progname; printf("%s", __progname);
                           ^
configure:9116: $? = 0
configure:9120: test -z 
			 || test ! -s conftest.err
configure:9123: $? = 0
configure:9126: test -s conftest
configure:9129: $? = 0
configure:9143: result: yes
configure:9154: checking if libc defines sys_errlist
configure:9176: gcc -o conftest -g -O2 -Wall   conftest.c -lm -lrt -lnsl  >&5
conftest.c: In function 'main':
conftest.c:92:2: warning: implicit declaration of function 'printf' [-Wimplicit-function-declaration]
  extern const char *const sys_errlist[]; printf("%s", sys_errlist[0]);
  ^
conftest.c:92:42: warning: incompatible implicit declaration of built-in function 'printf' [enabled by default]
  extern const char *const sys_errlist[]; printf("%s", sys_errlist[0]);
                                          ^
/tmp/cchfVtRD.o: In function `main':
/home/weichao/VDL-disk/qiuwch/VDL/universe-starter-agent/install/spread/spread-src-4.4.0/conftest.c:92: warning: `sys_errlist' is deprecated; use `strerror' or `strerror_r' instead
configure:9182: $? = 0
configure:9186: test -z 
			 || test ! -s conftest.err
configure:9189: $? = 0
configure:9192: test -s conftest
configure:9195: $? = 0
configure:9209: result: yes
configure:9220: checking if libc defines sys_nerr
configure:9242: gcc -o conftest -g -O2 -Wall   conftest.c -lm -lrt -lnsl  >&5
conftest.c: In function 'main':
conftest.c:93:2: warning: implicit declaration of function 'printf' [-Wimplicit-function-declaration]
  extern int sys_nerr; printf("%i", sys_nerr);
  ^
conftest.c:93:23: warning: incompatible implicit declaration of built-in function 'printf' [enabled by default]
  extern int sys_nerr; printf("%i", sys_nerr);
                       ^
/tmp/cc1YJqaG.o: In function `main':
/home/weichao/VDL-disk/qiuwch/VDL/universe-starter-agent/install/spread/spread-src-4.4.0/conftest.c:93: warning: `sys_nerr' is deprecated; use `strerror' or `strerror_r' instead
configure:9248: $? = 0
configure:9252: test -z 
			 || test ! -s conftest.err
configure:9255: $? = 0
configure:9258: test -s conftest
configure:9261: $? = 0
configure:9275: result: yes
configure:9289: checking Check Spread's major version
configure:9291: result: 4
configure:9294: checking Check Spread's minor version
configure:9296: result: 4
configure:9299: checking Check Spread's patch version
configure:9301: result: 0
configure:9330: checking for nroff
configure:9349: found /usr/bin/nroff
configure:9361: result: /usr/bin/nroff
configure:9665: creating ./config.status

## ---------------------- ##
## Running config.status. ##
## ---------------------- ##

This file was extended by Spread config.status 4.4.0, which was
generated by GNU Autoconf 2.59.  Invocation command line was

  CONFIG_FILES    = 
  CONFIG_HEADERS  = 
  CONFIG_LINKS    = 
  CONFIG_COMMANDS = 
  $ ./config.status 

on ccvl2

config.status:698: creating Makefile
config.status:698: creating daemon/Makefile
config.status:698: creating docs/Makefile
config.status:698: creating libspread/Makefile
config.status:698: creating examples/Makefile
config.status:802: creating daemon/config.h
configure:10919: configuring in stdutil
configure:11036: running /bin/bash './configure' --prefix=/home/weichao/VDL-disk/qiuwch/VDL/universe-starter-agent/install/spread/spread-src-4.4.0/../spread-bin/  '--prefix' '/home/weichao/VDL-disk/qiuwch/VDL/universe-starter-agent/install/spread/spread-src-4.4.0/../spread-bin/' --cache-file=/dev/null --srcdir=.
configure:10919: configuring in libspread-util
configure:11036: running /bin/bash './configure' --prefix=/home/weichao/VDL-disk/qiuwch/VDL/universe-starter-agent/install/spread/spread-src-4.4.0/../spread-bin/  '--prefix' '/home/weichao/VDL-disk/qiuwch/VDL/universe-starter-agent/install/spread/spread-src-4.4.0/../spread-bin/' --cache-file=/dev/null --srcdir=.

## ---------------- ##
## Cache variables. ##
## ---------------- ##

ac_cv_arch_win=no
ac_cv_build=x86_64-unknown-linux-gnu
ac_cv_build_alias=x86_64-unknown-linux-gnu
ac_cv_c_bigendian=no
ac_cv_c_compiler_gnu=yes
ac_cv_c_inline=inline
ac_cv_clock_gettime_monotonic=yes
ac_cv_env_CC_set=
ac_cv_env_CC_value=
ac_cv_env_CFLAGS_set=
ac_cv_env_CFLAGS_value=
ac_cv_env_CPPFLAGS_set=
ac_cv_env_CPPFLAGS_value=
ac_cv_env_CPP_set=
ac_cv_env_CPP_value=
ac_cv_env_LDFLAGS_set=
ac_cv_env_LDFLAGS_value=
ac_cv_env_build_alias_set=
ac_cv_env_build_alias_value=
ac_cv_env_host_alias_set=
ac_cv_env_host_alias_value=
ac_cv_env_target_alias_set=
ac_cv_env_target_alias_value=
ac_cv_exeext=
ac_cv_func_bcopy=yes
ac_cv_func_gettimeofday=yes
ac_cv_func_inet_aton=yes
ac_cv_func_inet_ntoa=yes
ac_cv_func_inet_ntop=yes
ac_cv_func_lrand48=yes
ac_cv_func_memmove=yes
ac_cv_func_pthread_atfork=yes
ac_cv_func_setsid=yes
ac_cv_func_snprintf=yes
ac_cv_func_strerror=yes
ac_cv_func_strftime=yes
ac_cv_func_time=yes
ac_cv_have___ss_family_in_struct_ss=no
ac_cv_have_clock_t=yes
ac_cv_have_int64_t=yes
ac_cv_have_intxx_t=yes
ac_cv_have_pid_t=yes
ac_cv_have_sa_family_t=yes
ac_cv_have_sin_len_in_struct_sockaddr_in=no
ac_cv_have_size_t=yes
ac_cv_have_socklen_t=yes
ac_cv_have_sockopt_len_t=no
ac_cv_have_ss_family_in_struct_ss=yes
ac_cv_have_ssize_t=yes
ac_cv_have_struct_addrinfo=yes
ac_cv_have_struct_in6_addr=yes
ac_cv_have_struct_msghdr=yes
ac_cv_have_struct_msghdr_ctl=yes
ac_cv_have_struct_sockaddr_in6=yes
ac_cv_have_struct_sockaddr_storage=yes
ac_cv_have_struct_timeval=yes
ac_cv_have_struct_timezone=yes
ac_cv_have_sun_len_in_struct_sockaddr_un=no
ac_cv_have_u_int=yes
ac_cv_have_u_int64_t=yes
ac_cv_have_u_intxx_t=yes
ac_cv_header_arpa_inet_h=yes
ac_cv_header_assert_h=yes
ac_cv_header_errno_h=yes
ac_cv_header_grp_h=yes
ac_cv_header_inttypes_h=yes
ac_cv_header_limits_h=yes
ac_cv_header_memory_h=yes
ac_cv_header_netdb_h=yes
ac_cv_header_netinet_in_h=yes
ac_cv_header_netinet_tcp_h=yes
ac_cv_header_process_h=no
ac_cv_header_pthread_h=yes
ac_cv_header_pwd_h=yes
ac_cv_header_signal_h=yes
ac_cv_header_stdarg_h=yes
ac_cv_header_stdc=yes
ac_cv_header_stdint_h=yes
ac_cv_header_stdio_h=yes
ac_cv_header_stdlib_h=yes
ac_cv_header_string_h=yes
ac_cv_header_strings_h=yes
ac_cv_header_sys_filio_h=no
ac_cv_header_sys_inttypes_h=no
ac_cv_header_sys_ioctl_h=yes
ac_cv_header_sys_param_h=yes
ac_cv_header_sys_socket_h=yes
ac_cv_header_sys_stat_h=yes
ac_cv_header_sys_time_h=yes
ac_cv_header_sys_timeb_h=yes
ac_cv_header_sys_types_h=yes
ac_cv_header_sys_uio_h=yes
ac_cv_header_sys_un_h=yes
ac_cv_header_time_h=yes
ac_cv_header_unistd_h=yes
ac_cv_header_windows_h=no
ac_cv_header_winsock_h=no
ac_cv_host=x86_64-unknown-linux-gnu
ac_cv_host_alias=x86_64-unknown-linux-gnu
ac_cv_ldflag_pthread=yes
ac_cv_lib_m_sqrt=yes
ac_cv_lib_nsl_gethostbyaddr=yes
ac_cv_lib_posix4_sem_wait=no
ac_cv_lib_pthread_pthread_create=yes
ac_cv_lib_socket_socket=no
ac_cv_lib_thread_thr_create=no
ac_cv_libc_defines___progname=yes
ac_cv_libc_defines_sys_errlist=yes
ac_cv_libc_defines_sys_nerr=yes
ac_cv_objext=o
ac_cv_path_AR=/usr/bin/ar
ac_cv_path_NROFF=/usr/bin/nroff
ac_cv_path_PERL=/usr/bin/perl
ac_cv_path_install='/usr/bin/install -c'
ac_cv_prog_CPP='gcc -E'
ac_cv_prog_ac_ct_CC=gcc
ac_cv_prog_ac_ct_RANLIB=ranlib
ac_cv_prog_cc_g=yes
ac_cv_prog_cc_stdc=
ac_cv_prog_egrep='grep -E'
ac_cv_search_nanosleep='none required'
ac_cv_search_shm_open=-lrt
ac_cv_sizeof_char=1
ac_cv_sizeof_int=4
ac_cv_sizeof_long_int=8
ac_cv_sizeof_long_long_int=8
ac_cv_sizeof_short_int=2
ac_cv_type_char=yes
ac_cv_type_int=yes
ac_cv_type_long_int=yes
ac_cv_type_long_long_int=yes
ac_cv_type_short_int=yes

## ----------------- ##
## Output variables. ##
## ----------------- ##

AR='/usr/bin/ar'
CC='gcc'
CFLAGS='-g -O2 -Wall'
CPP='gcc -E'
CPPFLAGS=''
DEFS='-DHAVE_CONFIG_H'
ECHO_C=''
ECHO_N='-n'
ECHO_T=''
EGREP='grep -E'
EXEEXT=''
INSTALL_DATA='${INSTALL} -m 644'
INSTALL_PROGRAM='${INSTALL}'
INSTALL_SCRIPT='${INSTALL}'
LD='gcc'
LDFLAGS=''
LEX=''
LIBOBJS=''
LIBS='-lm -lrt -lnsl '
LIBSPCORESO='libspread-core.so'
LIBSPSO='libspread.so'
LIBTSPCORESO='libtspread-core.so'
LN_S='ln -s'
LTLIBOBJS=''
MANTYPE='doc'
NROFF='/usr/bin/nroff'
OBJEXT='o'
PACKAGE_BUGREPORT=''
PACKAGE_NAME='Spread'
PACKAGE_STRING='Spread 4.4.0'
PACKAGE_TARNAME='spread'
PACKAGE_VERSION='4.4.0'
PATH_SEPARATOR=':'
PERL='/usr/bin/perl'
RANLIB='ranlib'
SHCC='gcc'
SHCFLAGS='-g -O2 -Wall -fPIC'
SHCPPFLAGS=''
SHELL='/bin/bash'
SHLD='gcc -shared'
SHLDCONVERTSTATIC='-Wl,-whole-archive'
SHLDCONVERTSTATICEND='-Wl,-no-whole-archive'
SHLDFLAGS=' '
SHLDNAME='-soname,'
SHLDOPTION='-Wl,'
SHLIBS='-lm -lrt -lnsl '
SP_MAJOR_VERSION='4'
SP_MINOR_VERSION='4'
SP_PATCH_VERSION='0'
THLDFLAGS=''
THLIBS='-lpthread '
YACC='yacc'
ac_ct_CC='gcc'
ac_ct_RANLIB='ranlib'
bindir='${exec_prefix}/bin'
build='x86_64-unknown-linux-gnu'
build_alias=''
build_cpu='x86_64'
build_os='linux-gnu'
build_vendor='unknown'
datadir='${prefix}/share'
docdir='${datadir}/doc/spread'
exec_prefix='${prefix}'
host='x86_64-unknown-linux-gnu'
host_alias=''
host_cpu='x86_64'
host_os='linux-gnu'
host_vendor='unknown'
includedir='${prefix}/include'
infodir='${prefix}/info'
libdir='${exec_prefix}/lib'
libexecdir='${exec_prefix}/libexec'
localstatedir='${prefix}/var'
mandir='${prefix}/man'
mansubdir='man'
oldincludedir='/usr/include'
piddir='/var/run'
prefix='/home/weichao/VDL-disk/qiuwch/VDL/universe-starter-agent/install/spread/spread-src-4.4.0/../spread-bin/'
program_transform_name='s,x,x,'
sbindir='${exec_prefix}/sbin'
sharedstatedir='${prefix}/com'
subdirs=' stdutil libspread-util'
sysconfdir='${prefix}/etc'
target_alias=''

## ----------- ##
## confdefs.h. ##
## ----------- ##

#define ARCH_SCATTER_CONTROL 1
#define HAVE_ARPA_INET_H 1
#define HAVE_ASSERT_H 1
#define HAVE_BCOPY 1
#define HAVE_CLOCK_GETTIME_CLOCK_MONOTONIC 1
#define HAVE_CLOCK_T 1
#define HAVE_ERRNO_H 1
#define HAVE_GETTIMEOFDAY 1
#define HAVE_GRP_H 1
#define HAVE_INET_ATON 1
#define HAVE_INET_NTOA 1
#define HAVE_INET_NTOP 1
#define HAVE_INT64_T 1
#define HAVE_INTTYPES_H 1
#define HAVE_INTXX_T 1
#define HAVE_LIBM 1
#define HAVE_LIBNSL 1
#define HAVE_LIBPTHREAD 1
#define HAVE_LIMITS_H 1
#define HAVE_LRAND48 1
#define HAVE_MEMMOVE 1
#define HAVE_MEMORY_H 1
#define HAVE_NETDB_H 1
#define HAVE_NETINET_IN_H 1
#define HAVE_NETINET_TCP_H 1
#define HAVE_PID_T 1
#define HAVE_PTHREAD_ATFORK 1
#define HAVE_PTHREAD_H 1
#define HAVE_PWD_H 1
#define HAVE_SA_FAMILY_T 1
#define HAVE_SETSID 1
#define HAVE_SIGNAL_H 1
#define HAVE_SIZE_T 1
#define HAVE_SNPRINTF 1
#define HAVE_SOCKLEN_T 1
#define HAVE_SSIZE_T 1
#define HAVE_SS_FAMILY_IN_SS 1
#define HAVE_STDARG_H 1
#define HAVE_STDINT_H 1
#define HAVE_STDINT_H 1
#define HAVE_STDIO_H 1
#define HAVE_STDLIB_H 1
#define HAVE_STDLIB_H 1
#define HAVE_STRERROR 1
#define HAVE_STRFTIME 1
#define HAVE_STRINGS_H 1
#define HAVE_STRING_H 1
#define HAVE_STRING_H 1
#define HAVE_STRUCT_ADDRINFO 1
#define HAVE_STRUCT_IN6_ADDR 1
#define HAVE_STRUCT_SOCKADDR_IN6 1
#define HAVE_STRUCT_SOCKADDR_STORAGE 1
#define HAVE_STRUCT_TIMEVAL 1
#define HAVE_STRUCT_TIMEZONE 1
#define HAVE_SYS_ERRLIST 1
#define HAVE_SYS_IOCTL_H 1
#define HAVE_SYS_NERR 1
#define HAVE_SYS_PARAM_H 1
#define HAVE_SYS_SOCKET_H 1
#define HAVE_SYS_STAT_H 1
#define HAVE_SYS_STAT_H 1
#define HAVE_SYS_TIMEB_H 1
#define HAVE_SYS_TIME_H 1
#define HAVE_SYS_TYPES_H 1
#define HAVE_SYS_TYPES_H 1
#define HAVE_SYS_UIO_H 1
#define HAVE_SYS_UN_H 1
#define HAVE_TIME 1
#define HAVE_TIME_H 1
#define HAVE_UNISTD_H 1
#define HAVE_UNISTD_H 1
#define HAVE_U_INT 1
#define HAVE_U_INT64_T 1
#define HAVE_U_INTXX_T 1
#define HAVE___PROGNAME 1
#define PACKAGE_BUGREPORT ""
#define PACKAGE_NAME "Spread"
#define PACKAGE_STRING "Spread 4.4.0"
#define PACKAGE_TARNAME "spread"
#define PACKAGE_VERSION "4.4.0"
#define SIZEOF_CHAR 1
#define SIZEOF_INT 4
#define SIZEOF_LONG_INT 8
#define SIZEOF_LONG_LONG_INT 8
#define SIZEOF_SHORT_INT 2
#define SPREAD_ETCDIR "/home/weichao/VDL-disk/qiuwch/VDL/universe-starter-agent/install/spread/spread-src-4.4.0/../spread-bin//etc"
#define SP_UNIX_SOCKET "/tmp"
#define STDC_HEADERS 1
#define _PATH_SPREAD_PIDDIR "/var/run"

configure: exit 0
